!SESSION 2015-10-12 19:44:12.333 -----------------------------------------------
eclipse.buildId=4.4.1.M20140925-0400
java.version=1.8.0_60
java.vendor=Oracle Corporation
BootLoader constants: OS=win32, ARCH=x86_64, WS=win32, NL=de_DE
Framework arguments:  -product org.eclipse.epp.package.java.product
Command-line arguments:  -os win32 -ws win32 -arch x86_64 -product org.eclipse.epp.package.java.product

This is a continuation of log file C:\Users\Michael\Dropbox\Studium\Prog 1 - Kelb\Projekte\.metadata\.bak_0.log
Created Time: 2015-10-12 19:44:28.283

!ENTRY org.eclipse.jface 4 0 2015-10-12 19:44:28.288
!MESSAGE Unable to resolve plug-in "platform:/plugin/com.oxygenxml.editor/eclipseIcons/DockableFrameModel16.gif".
!STACK 0
java.io.IOException: Unable to resolve plug-in "platform:/plugin/com.oxygenxml.editor/eclipseIcons/DockableFrameModel16.gif".
	at org.eclipse.core.internal.runtime.PlatformURLPluginConnection.parse(PlatformURLPluginConnection.java:64)
	at org.eclipse.core.internal.runtime.PlatformURLPluginConnection.resolve(PlatformURLPluginConnection.java:75)
	at org.eclipse.core.internal.boot.PlatformURLHandler.openConnection(PlatformURLHandler.java:67)
	at org.eclipse.osgi.internal.url.URLStreamHandlerProxy.openConnection(URLStreamHandlerProxy.java:114)
	at java.net.URL.openConnection(Unknown Source)
	at org.eclipse.core.internal.runtime.PlatformURLConverter.toFileURL(PlatformURLConverter.java:33)
	at org.eclipse.core.runtime.FileLocator.toFileURL(FileLocator.java:206)
	at org.eclipse.jface.resource.URLImageDescriptor.getFilePath(URLImageDescriptor.java:141)
	at org.eclipse.jface.resource.URLImageDescriptor.createImage(URLImageDescriptor.java:162)
	at org.eclipse.jface.resource.ImageDescriptor.createImage(ImageDescriptor.java:230)
	at org.eclipse.jface.resource.ImageDescriptor.createImage(ImageDescriptor.java:208)
	at org.eclipse.e4.ui.workbench.renderers.swt.SWTPartRenderer.getImageFromURI(SWTPartRenderer.java:221)
	at org.eclipse.e4.ui.workbench.renderers.swt.SWTPartRenderer.getImage(SWTPartRenderer.java:233)
	at org.eclipse.e4.ui.workbench.renderers.swt.StackRenderer.createTab(StackRenderer.java:828)
	at org.eclipse.e4.ui.workbench.renderers.swt.LazyStackRenderer.processContents(LazyStackRenderer.java:136)
	at org.eclipse.e4.ui.internal.workbench.swt.PartRenderingEngine.safeCreateGui(PartRenderingEngine.java:674)
	at org.eclipse.e4.ui.internal.workbench.swt.PartRenderingEngine.safeCreateGui(PartRenderingEngine.java:766)
	at org.eclipse.e4.ui.internal.workbench.swt.PartRenderingEngine.access$2(PartRenderingEngine.java:737)
	at org.eclipse.e4.ui.internal.workbench.swt.PartRenderingEngine$7.run(PartRenderingEngine.java:731)
	at org.eclipse.core.runtime.SafeRunner.run(SafeRunner.java:42)
	at org.eclipse.e4.ui.internal.workbench.swt.PartRenderingEngine.createGui(PartRenderingEngine.java:715)
	at org.eclipse.e4.ui.workbench.renderers.swt.SWTPartRenderer.processContents(SWTPartRenderer.java:68)
	at org.eclipse.e4.ui.workbench.renderers.swt.SashRenderer.processContents(SashRenderer.java:185)
	at org.eclipse.e4.ui.internal.workbench.swt.PartRenderingEngine.safeCreateGui(PartRenderingEngine.java:674)
	at org.eclipse.e4.ui.internal.workbench.swt.PartRenderingEngine.safeCreateGui(PartRenderingEngine.java:766)
	at org.eclipse.e4.ui.internal.workbench.swt.PartRenderingEngine.access$2(PartRenderingEngine.java:737)
	at org.eclipse.e4.ui.internal.workbench.swt.PartRenderingEngine$7.run(PartRenderingEngine.java:731)
	at org.eclipse.core.runtime.SafeRunner.run(SafeRunner.java:42)
	at org.eclipse.e4.ui.internal.workbench.swt.PartRenderingEngine.createGui(PartRenderingEngine.java:715)
	at org.eclipse.e4.ui.workbench.renderers.swt.SWTPartRenderer.processContents(SWTPartRenderer.java:68)
	at org.eclipse.e4.ui.workbench.renderers.swt.SashRenderer.processContents(SashRenderer.java:185)
	at org.eclipse.e4.ui.internal.workbench.swt.PartRenderingEngine.safeCreateGui(PartRenderingEngine.java:674)
	at org.eclipse.e4.ui.internal.workbench.swt.PartRenderingEngine.safeCreateGui(PartRenderingEngine.java:766)
	at org.eclipse.e4.ui.internal.workbench.swt.PartRenderingEngine.access$2(PartRenderingEngine.java:737)
	at org.eclipse.e4.ui.internal.workbench.swt.PartRenderingEngine$7.run(PartRenderingEngine.java:731)
	at org.eclipse.core.runtime.SafeRunner.run(SafeRunner.java:42)
	at org.eclipse.e4.ui.internal.workbench.swt.PartRenderingEngine.createGui(PartRenderingEngine.java:715)
	at org.eclipse.e4.ui.workbench.renderers.swt.SWTPartRenderer.processContents(SWTPartRenderer.java:68)
	at org.eclipse.e4.ui.workbench.renderers.swt.SashRenderer.processContents(SashRenderer.java:185)
	at org.eclipse.e4.ui.internal.workbench.swt.PartRenderingEngine.safeCreateGui(PartRenderingEngine.java:674)
	at org.eclipse.e4.ui.internal.workbench.swt.PartRenderingEngine.safeCreateGui(PartRenderingEngine.java:766)
	at org.eclipse.e4.ui.internal.workbench.swt.PartRenderingEngine.access$2(PartRenderingEngine.java:737)
	at org.eclipse.e4.ui.internal.workbench.swt.PartRenderingEngine$7.run(PartRenderingEngine.java:731)
	at org.eclipse.core.runtime.SafeRunner.run(SafeRunner.java:42)
	at org.eclipse.e4.ui.internal.workbench.swt.PartRenderingEngine.createGui(PartRenderingEngine.java:715)
	at org.eclipse.e4.ui.workbench.renderers.swt.SWTPartRenderer.processContents(SWTPartRenderer.java:68)
	at org.eclipse.e4.ui.workbench.renderers.swt.PerspectiveRenderer.processContents(PerspectiveRenderer.java:49)
	at org.eclipse.e4.ui.internal.workbench.swt.PartRenderingEngine.safeCreateGui(PartRenderingEngine.java:674)
	at org.eclipse.e4.ui.internal.workbench.swt.PartRenderingEngine.safeCreateGui(PartRenderingEngine.java:766)
	at org.eclipse.e4.ui.internal.workbench.swt.PartRenderingEngine.access$2(PartRenderingEngine.java:737)
	at org.eclipse.e4.ui.internal.workbench.swt.PartRenderingEngine$7.run(PartRenderingEngine.java:731)
	at org.eclipse.core.runtime.SafeRunner.run(SafeRunner.java:42)
	at org.eclipse.e4.ui.internal.workbench.swt.PartRenderingEngine.createGui(PartRenderingEngine.java:715)
	at org.eclipse.e4.ui.workbench.renderers.swt.PerspectiveStackRenderer.showTab(PerspectiveStackRenderer.java:103)
	at org.eclipse.e4.ui.workbench.renderers.swt.LazyStackRenderer.postProcess(LazyStackRenderer.java:100)
	at org.eclipse.e4.ui.workbench.renderers.swt.PerspectiveStackRenderer.postProcess(PerspectiveStackRenderer.java:77)
	at org.eclipse.e4.ui.internal.workbench.swt.PartRenderingEngine.safeCreateGui(PartRenderingEngine.java:678)
	at org.eclipse.e4.ui.internal.workbench.swt.PartRenderingEngine.safeCreateGui(PartRenderingEngine.java:766)
	at org.eclipse.e4.ui.internal.workbench.swt.PartRenderingEngine.access$2(PartRenderingEngine.java:737)
	at org.eclipse.e4.ui.internal.workbench.swt.PartRenderingEngine$7.run(PartRenderingEngine.java:731)
	at org.eclipse.core.runtime.SafeRunner.run(SafeRunner.java:42)
	at org.eclipse.e4.ui.internal.workbench.swt.PartRenderingEngine.createGui(PartRenderingEngine.java:715)
	at org.eclipse.e4.ui.workbench.renderers.swt.SWTPartRenderer.processContents(SWTPartRenderer.java:68)
	at org.eclipse.e4.ui.workbench.renderers.swt.SashRenderer.processContents(SashRenderer.java:185)
	at org.eclipse.e4.ui.internal.workbench.swt.PartRenderingEngine.safeCreateGui(PartRenderingEngine.java:674)
	at org.eclipse.e4.ui.internal.workbench.swt.PartRenderingEngine.safeCreateGui(PartRenderingEngine.java:766)
	at org.eclipse.e4.ui.internal.workbench.swt.PartRenderingEngine.access$2(PartRenderingEngine.java:737)
	at org.eclipse.e4.ui.internal.workbench.swt.PartRenderingEngine$7.run(PartRenderingEngine.java:731)
	at org.eclipse.core.runtime.SafeRunner.run(SafeRunner.java:42)
	at org.eclipse.e4.ui.internal.workbench.swt.PartRenderingEngine.createGui(PartRenderingEngine.java:715)
	at org.eclipse.e4.ui.workbench.renderers.swt.SWTPartRenderer.processContents(SWTPartRenderer.java:68)
	at org.eclipse.e4.ui.workbench.renderers.swt.WBWRenderer.processContents(WBWRenderer.java:664)
	at org.eclipse.e4.ui.internal.workbench.swt.PartRenderingEngine.safeCreateGui(PartRenderingEngine.java:674)
	at org.eclipse.e4.ui.internal.workbench.swt.PartRenderingEngine.safeCreateGui(PartRenderingEngine.java:766)
	at org.eclipse.e4.ui.internal.workbench.swt.PartRenderingEngine.access$2(PartRenderingEngine.java:737)
	at org.eclipse.e4.ui.internal.workbench.swt.PartRenderingEngine$7.run(PartRenderingEngine.java:731)
	at org.eclipse.core.runtime.SafeRunner.run(SafeRunner.java:42)
	at org.eclipse.e4.ui.internal.workbench.swt.PartRenderingEngine.createGui(PartRenderingEngine.java:715)
	at org.eclipse.e4.ui.internal.workbench.swt.PartRenderingEngine$9.run(PartRenderingEngine.java:1078)
	at org.eclipse.core.databinding.observable.Realm.runWithDefault(Realm.java:332)
	at org.eclipse.e4.ui.internal.workbench.swt.PartRenderingEngine.run(PartRenderingEngine.java:1032)
	at org.eclipse.e4.ui.internal.workbench.E4Workbench.createAndRunUI(E4Workbench.java:148)
	at org.eclipse.ui.internal.Workbench$5.run(Workbench.java:636)
	at org.eclipse.core.databinding.observable.Realm.runWithDefault(Realm.java:332)
	at org.eclipse.ui.internal.Workbench.createAndRunWorkbench(Workbench.java:579)
	at org.eclipse.ui.PlatformUI.createAndRunWorkbench(PlatformUI.java:150)
	at org.eclipse.ui.internal.ide.application.IDEApplication.start(IDEApplication.java:135)
	at org.eclipse.equinox.internal.app.EclipseAppHandle.run(EclipseAppHandle.java:196)
	at org.eclipse.core.runtime.internal.adaptor.EclipseAppLauncher.runApplication(EclipseAppLauncher.java:134)
	at org.eclipse.core.runtime.internal.adaptor.EclipseAppLauncher.start(EclipseAppLauncher.java:104)
	at org.eclipse.core.runtime.adaptor.EclipseStarter.run(EclipseStarter.java:380)
	at org.eclipse.core.runtime.adaptor.EclipseStarter.run(EclipseStarter.java:235)
	at sun.reflect.NativeMethodAccessorImpl.invoke0(Native Method)
	at sun.reflect.NativeMethodAccessorImpl.invoke(Unknown Source)
	at sun.reflect.DelegatingMethodAccessorImpl.invoke(Unknown Source)
	at java.lang.reflect.Method.invoke(Unknown Source)
	at org.eclipse.equinox.launcher.Main.invokeFramework(Main.java:648)
	at org.eclipse.equinox.launcher.Main.basicRun(Main.java:603)
	at org.eclipse.equinox.launcher.Main.run(Main.java:1465)
	at org.eclipse.equinox.launcher.Main.main(Main.java:1438)

!ENTRY org.eclipse.jface 4 0 2015-10-12 19:44:28.293
!MESSAGE Unable to resolve plug-in "platform:/plugin/com.oxygenxml.editor/eclipseIcons/DockableFrameAttributes16.png".
!STACK 0
java.io.IOException: Unable to resolve plug-in "platform:/plugin/com.oxygenxml.editor/eclipseIcons/DockableFrameAttributes16.png".
	at org.eclipse.core.internal.runtime.PlatformURLPluginConnection.parse(PlatformURLPluginConnection.java:64)
	at org.eclipse.core.internal.runtime.PlatformURLPluginConnection.resolve(PlatformURLPluginConnection.java:75)
	at org.eclipse.core.internal.boot.PlatformURLHandler.openConnection(PlatformURLHandler.java:67)
	at org.eclipse.osgi.internal.url.URLStreamHandlerProxy.openConnection(URLStreamHandlerProxy.java:114)
	at java.net.URL.openConnection(Unknown Source)
	at org.eclipse.core.internal.runtime.PlatformURLConverter.toFileURL(PlatformURLConverter.java:33)
	at org.eclipse.core.runtime.FileLocator.toFileURL(FileLocator.java:206)
	at org.eclipse.jface.resource.URLImageDescriptor.getFilePath(URLImageDescriptor.java:141)
	at org.eclipse.jface.resource.URLImageDescriptor.createImage(URLImageDescriptor.java:162)
	at org.eclipse.jface.resource.ImageDescriptor.createImage(ImageDescriptor.java:230)
	at org.eclipse.jface.resource.ImageDescriptor.createImage(ImageDescriptor.java:208)
	at org.eclipse.e4.ui.workbench.renderers.swt.SWTPartRenderer.getImageFromURI(SWTPartRenderer.java:221)
	at org.eclipse.e4.ui.workbench.renderers.swt.SWTPartRenderer.getImage(SWTPartRenderer.java:233)
	at org.eclipse.e4.ui.workbench.renderers.swt.StackRenderer.createTab(StackRenderer.java:828)
	at org.eclipse.e4.ui.workbench.renderers.swt.LazyStackRenderer.processContents(LazyStackRenderer.java:136)
	at org.eclipse.e4.ui.internal.workbench.swt.PartRenderingEngine.safeCreateGui(PartRenderingEngine.java:674)
	at org.eclipse.e4.ui.internal.workbench.swt.PartRenderingEngine.safeCreateGui(PartRenderingEngine.java:766)
	at org.eclipse.e4.ui.internal.workbench.swt.PartRenderingEngine.access$2(PartRenderingEngine.java:737)
	at org.eclipse.e4.ui.internal.workbench.swt.PartRenderingEngine$7.run(PartRenderingEngine.java:731)
	at org.eclipse.core.runtime.SafeRunner.run(SafeRunner.java:42)
	at org.eclipse.e4.ui.internal.workbench.swt.PartRenderingEngine.createGui(PartRenderingEngine.java:715)
	at org.eclipse.e4.ui.workbench.renderers.swt.SWTPartRenderer.processContents(SWTPartRenderer.java:68)
	at org.eclipse.e4.ui.workbench.renderers.swt.SashRenderer.processContents(SashRenderer.java:185)
	at org.eclipse.e4.ui.internal.workbench.swt.PartRenderingEngine.safeCreateGui(PartRenderingEngine.java:674)
	at org.eclipse.e4.ui.internal.workbench.swt.PartRenderingEngine.safeCreateGui(PartRenderingEngine.java:766)
	at org.eclipse.e4.ui.internal.workbench.swt.PartRenderingEngine.access$2(PartRenderingEngine.java:737)
	at org.eclipse.e4.ui.internal.workbench.swt.PartRenderingEngine$7.run(PartRenderingEngine.java:731)
	at org.eclipse.core.runtime.SafeRunner.run(SafeRunner.java:42)
	at org.eclipse.e4.ui.internal.workbench.swt.PartRenderingEngine.createGui(PartRenderingEngine.java:715)
	at org.eclipse.e4.ui.workbench.renderers.swt.SWTPartRenderer.processContents(SWTPartRenderer.java:68)
	at org.eclipse.e4.ui.workbench.renderers.swt.SashRenderer.processContents(SashRenderer.java:185)
	at org.eclipse.e4.ui.internal.workbench.swt.PartRenderingEngine.safeCreateGui(PartRenderingEngine.java:674)
	at org.eclipse.e4.ui.internal.workbench.swt.PartRenderingEngine.safeCreateGui(PartRenderingEngine.java:766)
	at org.eclipse.e4.ui.internal.workbench.swt.PartRenderingEngine.access$2(PartRenderingEngine.java:737)
	at org.eclipse.e4.ui.internal.workbench.swt.PartRenderingEngine$7.run(PartRenderingEngine.java:731)
	at org.eclipse.core.runtime.SafeRunner.run(SafeRunner.java:42)
	at org.eclipse.e4.ui.internal.workbench.swt.PartRenderingEngine.createGui(PartRenderingEngine.java:715)
	at org.eclipse.e4.ui.workbench.renderers.swt.SWTPartRenderer.processContents(SWTPartRenderer.java:68)
	at org.eclipse.e4.ui.workbench.renderers.swt.SashRenderer.processContents(SashRenderer.java:185)
	at org.eclipse.e4.ui.internal.workbench.swt.PartRenderingEngine.safeCreateGui(PartRenderingEngine.java:674)
	at org.eclipse.e4.ui.internal.workbench.swt.PartRenderingEngine.safeCreateGui(PartRenderingEngine.java:766)
	at org.eclipse.e4.ui.internal.workbench.swt.PartRenderingEngine.access$2(PartRenderingEngine.java:737)
	at org.eclipse.e4.ui.internal.workbench.swt.PartRenderingEngine$7.run(PartRenderingEngine.java:731)
	at org.eclipse.core.runtime.SafeRunner.run(SafeRunner.java:42)
	at org.eclipse.e4.ui.internal.workbench.swt.PartRenderingEngine.createGui(PartRenderingEngine.java:715)
	at org.eclipse.e4.ui.workbench.renderers.swt.SWTPartRenderer.processContents(SWTPartRenderer.java:68)
	at org.eclipse.e4.ui.workbench.renderers.swt.PerspectiveRenderer.processContents(PerspectiveRenderer.java:49)
	at org.eclipse.e4.ui.internal.workbench.swt.PartRenderingEngine.safeCreateGui(PartRenderingEngine.java:674)
	at org.eclipse.e4.ui.internal.workbench.swt.PartRenderingEngine.safeCreateGui(PartRenderingEngine.java:766)
	at org.eclipse.e4.ui.internal.workbench.swt.PartRenderingEngine.access$2(PartRenderingEngine.java:737)
	at org.eclipse.e4.ui.internal.workbench.swt.PartRenderingEngine$7.run(PartRenderingEngine.java:731)
	at org.eclipse.core.runtime.SafeRunner.run(SafeRunner.java:42)
	at org.eclipse.e4.ui.internal.workbench.swt.PartRenderingEngine.createGui(PartRenderingEngine.java:715)
	at org.eclipse.e4.ui.workbench.renderers.swt.PerspectiveStackRenderer.showTab(PerspectiveStackRenderer.java:103)
	at org.eclipse.e4.ui.workbench.renderers.swt.LazyStackRenderer.postProcess(LazyStackRenderer.java:100)
	at org.eclipse.e4.ui.workbench.renderers.swt.PerspectiveStackRenderer.postProcess(PerspectiveStackRenderer.java:77)
	at org.eclipse.e4.ui.internal.workbench.swt.PartRenderingEngine.safeCreateGui(PartRenderingEngine.java:678)
	at org.eclipse.e4.ui.internal.workbench.swt.PartRenderingEngine.safeCreateGui(PartRenderingEngine.java:766)
	at org.eclipse.e4.ui.internal.workbench.swt.PartRenderingEngine.access$2(PartRenderingEngine.java:737)
	at org.eclipse.e4.ui.internal.workbench.swt.PartRenderingEngine$7.run(PartRenderingEngine.java:731)
	at org.eclipse.core.runtime.SafeRunner.run(SafeRunner.java:42)
	at org.eclipse.e4.ui.internal.workbench.swt.PartRenderingEngine.createGui(PartRenderingEngine.java:715)
	at org.eclipse.e4.ui.workbench.renderers.swt.SWTPartRenderer.processContents(SWTPartRenderer.java:68)
	at org.eclipse.e4.ui.workbench.renderers.swt.SashRenderer.processContents(SashRenderer.java:185)
	at org.eclipse.e4.ui.internal.workbench.swt.PartRenderingEngine.safeCreateGui(PartRenderingEngine.java:674)
	at org.eclipse.e4.ui.internal.workbench.swt.PartRenderingEngine.safeCreateGui(PartRenderingEngine.java:766)
	at org.eclipse.e4.ui.internal.workbench.swt.PartRenderingEngine.access$2(PartRenderingEngine.java:737)
	at org.eclipse.e4.ui.internal.workbench.swt.PartRenderingEngine$7.run(PartRenderingEngine.java:731)
	at org.eclipse.core.runtime.SafeRunner.run(SafeRunner.java:42)
	at org.eclipse.e4.ui.internal.workbench.swt.PartRenderingEngine.createGui(PartRenderingEngine.java:715)
	at org.eclipse.e4.ui.workbench.renderers.swt.SWTPartRenderer.processContents(SWTPartRenderer.java:68)
	at org.eclipse.e4.ui.workbench.renderers.swt.WBWRenderer.processContents(WBWRenderer.java:664)
	at org.eclipse.e4.ui.internal.workbench.swt.PartRenderingEngine.safeCreateGui(PartRenderingEngine.java:674)
	at org.eclipse.e4.ui.internal.workbench.swt.PartRenderingEngine.safeCreateGui(PartRenderingEngine.java:766)
	at org.eclipse.e4.ui.internal.workbench.swt.PartRenderingEngine.access$2(PartRenderingEngine.java:737)
	at org.eclipse.e4.ui.internal.workbench.swt.PartRenderingEngine$7.run(PartRenderingEngine.java:731)
	at org.eclipse.core.runtime.SafeRunner.run(SafeRunner.java:42)
	at org.eclipse.e4.ui.internal.workbench.swt.PartRenderingEngine.createGui(PartRenderingEngine.java:715)
	at org.eclipse.e4.ui.internal.workbench.swt.PartRenderingEngine$9.run(PartRenderingEngine.java:1078)
	at org.eclipse.core.databinding.observable.Realm.runWithDefault(Realm.java:332)
	at org.eclipse.e4.ui.internal.workbench.swt.PartRenderingEngine.run(PartRenderingEngine.java:1032)
	at org.eclipse.e4.ui.internal.workbench.E4Workbench.createAndRunUI(E4Workbench.java:148)
	at org.eclipse.ui.internal.Workbench$5.run(Workbench.java:636)
	at org.eclipse.core.databinding.observable.Realm.runWithDefault(Realm.java:332)
	at org.eclipse.ui.internal.Workbench.createAndRunWorkbench(Workbench.java:579)
	at org.eclipse.ui.PlatformUI.createAndRunWorkbench(PlatformUI.java:150)
	at org.eclipse.ui.internal.ide.application.IDEApplication.start(IDEApplication.java:135)
	at org.eclipse.equinox.internal.app.EclipseAppHandle.run(EclipseAppHandle.java:196)
	at org.eclipse.core.runtime.internal.adaptor.EclipseAppLauncher.runApplication(EclipseAppLauncher.java:134)
	at org.eclipse.core.runtime.internal.adaptor.EclipseAppLauncher.start(EclipseAppLauncher.java:104)
	at org.eclipse.core.runtime.adaptor.EclipseStarter.run(EclipseStarter.java:380)
	at org.eclipse.core.runtime.adaptor.EclipseStarter.run(EclipseStarter.java:235)
	at sun.reflect.NativeMethodAccessorImpl.invoke0(Native Method)
	at sun.reflect.NativeMethodAccessorImpl.invoke(Unknown Source)
	at sun.reflect.DelegatingMethodAccessorImpl.invoke(Unknown Source)
	at java.lang.reflect.Method.invoke(Unknown Source)
	at org.eclipse.equinox.launcher.Main.invokeFramework(Main.java:648)
	at org.eclipse.equinox.launcher.Main.basicRun(Main.java:603)
	at org.eclipse.equinox.launcher.Main.run(Main.java:1465)
	at org.eclipse.equinox.launcher.Main.main(Main.java:1438)

!ENTRY org.eclipse.jface 4 0 2015-10-12 19:44:28.300
!MESSAGE Unable to resolve plug-in "platform:/plugin/com.oxygenxml.editor/eclipseIcons/TransformConfig16.png".
!STACK 0
java.io.IOException: Unable to resolve plug-in "platform:/plugin/com.oxygenxml.editor/eclipseIcons/TransformConfig16.png".
	at org.eclipse.core.internal.runtime.PlatformURLPluginConnection.parse(PlatformURLPluginConnection.java:64)
	at org.eclipse.core.internal.runtime.PlatformURLPluginConnection.resolve(PlatformURLPluginConnection.java:75)
	at org.eclipse.core.internal.boot.PlatformURLHandler.openConnection(PlatformURLHandler.java:67)
	at org.eclipse.osgi.internal.url.URLStreamHandlerProxy.openConnection(URLStreamHandlerProxy.java:114)
	at java.net.URL.openConnection(Unknown Source)
	at org.eclipse.core.internal.runtime.PlatformURLConverter.toFileURL(PlatformURLConverter.java:33)
	at org.eclipse.core.runtime.FileLocator.toFileURL(FileLocator.java:206)
	at org.eclipse.jface.resource.URLImageDescriptor.getFilePath(URLImageDescriptor.java:141)
	at org.eclipse.jface.resource.URLImageDescriptor.createImage(URLImageDescriptor.java:162)
	at org.eclipse.jface.resource.ImageDescriptor.createImage(ImageDescriptor.java:230)
	at org.eclipse.jface.resource.ImageDescriptor.createImage(ImageDescriptor.java:208)
	at org.eclipse.e4.ui.workbench.renderers.swt.SWTPartRenderer.getImageFromURI(SWTPartRenderer.java:221)
	at org.eclipse.e4.ui.workbench.renderers.swt.SWTPartRenderer.getImage(SWTPartRenderer.java:233)
	at org.eclipse.e4.ui.workbench.renderers.swt.StackRenderer.createTab(StackRenderer.java:828)
	at org.eclipse.e4.ui.workbench.renderers.swt.LazyStackRenderer.processContents(LazyStackRenderer.java:136)
	at org.eclipse.e4.ui.internal.workbench.swt.PartRenderingEngine.safeCreateGui(PartRenderingEngine.java:674)
	at org.eclipse.e4.ui.internal.workbench.swt.PartRenderingEngine.safeCreateGui(PartRenderingEngine.java:766)
	at org.eclipse.e4.ui.internal.workbench.swt.PartRenderingEngine.access$2(PartRenderingEngine.java:737)
	at org.eclipse.e4.ui.internal.workbench.swt.PartRenderingEngine$7.run(PartRenderingEngine.java:731)
	at org.eclipse.core.runtime.SafeRunner.run(SafeRunner.java:42)
	at org.eclipse.e4.ui.internal.workbench.swt.PartRenderingEngine.createGui(PartRenderingEngine.java:715)
	at org.eclipse.e4.ui.workbench.renderers.swt.SWTPartRenderer.processContents(SWTPartRenderer.java:68)
	at org.eclipse.e4.ui.workbench.renderers.swt.SashRenderer.processContents(SashRenderer.java:185)
	at org.eclipse.e4.ui.internal.workbench.swt.PartRenderingEngine.safeCreateGui(PartRenderingEngine.java:674)
	at org.eclipse.e4.ui.internal.workbench.swt.PartRenderingEngine.safeCreateGui(PartRenderingEngine.java:766)
	at org.eclipse.e4.ui.internal.workbench.swt.PartRenderingEngine.access$2(PartRenderingEngine.java:737)
	at org.eclipse.e4.ui.internal.workbench.swt.PartRenderingEngine$7.run(PartRenderingEngine.java:731)
	at org.eclipse.core.runtime.SafeRunner.run(SafeRunner.java:42)
	at org.eclipse.e4.ui.internal.workbench.swt.PartRenderingEngine.createGui(PartRenderingEngine.java:715)
	at org.eclipse.e4.ui.workbench.renderers.swt.SWTPartRenderer.processContents(SWTPartRenderer.java:68)
	at org.eclipse.e4.ui.workbench.renderers.swt.SashRenderer.processContents(SashRenderer.java:185)
	at org.eclipse.e4.ui.internal.workbench.swt.PartRenderingEngine.safeCreateGui(PartRenderingEngine.java:674)
	at org.eclipse.e4.ui.internal.workbench.swt.PartRenderingEngine.safeCreateGui(PartRenderingEngine.java:766)
	at org.eclipse.e4.ui.internal.workbench.swt.PartRenderingEngine.access$2(PartRenderingEngine.java:737)
	at org.eclipse.e4.ui.internal.workbench.swt.PartRenderingEngine$7.run(PartRenderingEngine.java:731)
	at org.eclipse.core.runtime.SafeRunner.run(SafeRunner.java:42)
	at org.eclipse.e4.ui.internal.workbench.swt.PartRenderingEngine.createGui(PartRenderingEngine.java:715)
	at org.eclipse.e4.ui.workbench.renderers.swt.SWTPartRenderer.processContents(SWTPartRenderer.java:68)
	at org.eclipse.e4.ui.workbench.renderers.swt.SashRenderer.processContents(SashRenderer.java:185)
	at org.eclipse.e4.ui.internal.workbench.swt.PartRenderingEngine.safeCreateGui(PartRenderingEngine.java:674)
	at org.eclipse.e4.ui.internal.workbench.swt.PartRenderingEngine.safeCreateGui(PartRenderingEngine.java:766)
	at org.eclipse.e4.ui.internal.workbench.swt.PartRenderingEngine.access$2(PartRenderingEngine.java:737)
	at org.eclipse.e4.ui.internal.workbench.swt.PartRenderingEngine$7.run(PartRenderingEngine.java:731)
	at org.eclipse.core.runtime.SafeRunner.run(SafeRunner.java:42)
	at org.eclipse.e4.ui.internal.workbench.swt.PartRenderingEngine.createGui(PartRenderingEngine.java:715)
	at org.eclipse.e4.ui.workbench.renderers.swt.SWTPartRenderer.processContents(SWTPartRenderer.java:68)
	at org.eclipse.e4.ui.workbench.renderers.swt.PerspectiveRenderer.processContents(PerspectiveRenderer.java:49)
	at org.eclipse.e4.ui.internal.workbench.swt.PartRenderingEngine.safeCreateGui(PartRenderingEngine.java:674)
	at org.eclipse.e4.ui.internal.workbench.swt.PartRenderingEngine.safeCreateGui(PartRenderingEngine.java:766)
	at org.eclipse.e4.ui.internal.workbench.swt.PartRenderingEngine.access$2(PartRenderingEngine.java:737)
	at org.eclipse.e4.ui.internal.workbench.swt.PartRenderingEngine$7.run(PartRenderingEngine.java:731)
	at org.eclipse.core.runtime.SafeRunner.run(SafeRunner.java:42)
	at org.eclipse.e4.ui.internal.workbench.swt.PartRenderingEngine.createGui(PartRenderingEngine.java:715)
	at org.eclipse.e4.ui.workbench.renderers.swt.PerspectiveStackRenderer.showTab(PerspectiveStackRenderer.java:103)
	at org.eclipse.e4.ui.workbench.renderers.swt.LazyStackRenderer.postProcess(LazyStackRenderer.java:100)
	at org.eclipse.e4.ui.workbench.renderers.swt.PerspectiveStackRenderer.postProcess(PerspectiveStackRenderer.java:77)
	at org.eclipse.e4.ui.internal.workbench.swt.PartRenderingEngine.safeCreateGui(PartRenderingEngine.java:678)
	at org.eclipse.e4.ui.internal.workbench.swt.PartRenderingEngine.safeCreateGui(PartRenderingEngine.java:766)
	at org.eclipse.e4.ui.internal.workbench.swt.PartRenderingEngine.access$2(PartRenderingEngine.java:737)
	at org.eclipse.e4.ui.internal.workbench.swt.PartRenderingEngine$7.run(PartRenderingEngine.java:731)
	at org.eclipse.core.runtime.SafeRunner.run(SafeRunner.java:42)
	at org.eclipse.e4.ui.internal.workbench.swt.PartRenderingEngine.createGui(PartRenderingEngine.java:715)
	at org.eclipse.e4.ui.workbench.renderers.swt.SWTPartRenderer.processContents(SWTPartRenderer.java:68)
	at org.eclipse.e4.ui.workbench.renderers.swt.SashRenderer.processContents(SashRenderer.java:185)
	at org.eclipse.e4.ui.internal.workbench.swt.PartRenderingEngine.safeCreateGui(PartRenderingEngine.java:674)
	at org.eclipse.e4.ui.internal.workbench.swt.PartRenderingEngine.safeCreateGui(PartRenderingEngine.java:766)
	at org.eclipse.e4.ui.internal.workbench.swt.PartRenderingEngine.access$2(PartRenderingEngine.java:737)
	at org.eclipse.e4.ui.internal.workbench.swt.PartRenderingEngine$7.run(PartRenderingEngine.java:731)
	at org.eclipse.core.runtime.SafeRunner.run(SafeRunner.java:42)
	at org.eclipse.e4.ui.internal.workbench.swt.PartRenderingEngine.createGui(PartRenderingEngine.java:715)
	at org.eclipse.e4.ui.workbench.renderers.swt.SWTPartRenderer.processContents(SWTPartRenderer.java:68)
	at org.eclipse.e4.ui.workbench.renderers.swt.WBWRenderer.processContents(WBWRenderer.java:664)
	at org.eclipse.e4.ui.internal.workbench.swt.PartRenderingEngine.safeCreateGui(PartRenderingEngine.java:674)
	at org.eclipse.e4.ui.internal.workbench.swt.PartRenderingEngine.safeCreateGui(PartRenderingEngine.java:766)
	at org.eclipse.e4.ui.internal.workbench.swt.PartRenderingEngine.access$2(PartRenderingEngine.java:737)
	at org.eclipse.e4.ui.internal.workbench.swt.PartRenderingEngine$7.run(PartRenderingEngine.java:731)
	at org.eclipse.core.runtime.SafeRunner.run(SafeRunner.java:42)
	at org.eclipse.e4.ui.internal.workbench.swt.PartRenderingEngine.createGui(PartRenderingEngine.java:715)
	at org.eclipse.e4.ui.internal.workbench.swt.PartRenderingEngine$9.run(PartRenderingEngine.java:1078)
	at org.eclipse.core.databinding.observable.Realm.runWithDefault(Realm.java:332)
	at org.eclipse.e4.ui.internal.workbench.swt.PartRenderingEngine.run(PartRenderingEngine.java:1032)
	at org.eclipse.e4.ui.internal.workbench.E4Workbench.createAndRunUI(E4Workbench.java:148)
	at org.eclipse.ui.internal.Workbench$5.run(Workbench.java:636)
	at org.eclipse.core.databinding.observable.Realm.runWithDefault(Realm.java:332)
	at org.eclipse.ui.internal.Workbench.createAndRunWorkbench(Workbench.java:579)
	at org.eclipse.ui.PlatformUI.createAndRunWorkbench(PlatformUI.java:150)
	at org.eclipse.ui.internal.ide.application.IDEApplication.start(IDEApplication.java:135)
	at org.eclipse.equinox.internal.app.EclipseAppHandle.run(EclipseAppHandle.java:196)
	at org.eclipse.core.runtime.internal.adaptor.EclipseAppLauncher.runApplication(EclipseAppLauncher.java:134)
	at org.eclipse.core.runtime.internal.adaptor.EclipseAppLauncher.start(EclipseAppLauncher.java:104)
	at org.eclipse.core.runtime.adaptor.EclipseStarter.run(EclipseStarter.java:380)
	at org.eclipse.core.runtime.adaptor.EclipseStarter.run(EclipseStarter.java:235)
	at sun.reflect.NativeMethodAccessorImpl.invoke0(Native Method)
	at sun.reflect.NativeMethodAccessorImpl.invoke(Unknown Source)
	at sun.reflect.DelegatingMethodAccessorImpl.invoke(Unknown Source)
	at java.lang.reflect.Method.invoke(Unknown Source)
	at org.eclipse.equinox.launcher.Main.invokeFramework(Main.java:648)
	at org.eclipse.equinox.launcher.Main.basicRun(Main.java:603)
	at org.eclipse.equinox.launcher.Main.run(Main.java:1465)
	at org.eclipse.equinox.launcher.Main.main(Main.java:1438)

!ENTRY org.eclipse.jface 4 0 2015-10-12 19:44:28.313
!MESSAGE Unable to resolve plug-in "platform:/plugin/com.oxygenxml.editor/eclipseIcons/DockableFrameContext16.gif".
!STACK 0
java.io.IOException: Unable to resolve plug-in "platform:/plugin/com.oxygenxml.editor/eclipseIcons/DockableFrameContext16.gif".
	at org.eclipse.core.internal.runtime.PlatformURLPluginConnection.parse(PlatformURLPluginConnection.java:64)
	at org.eclipse.core.internal.runtime.PlatformURLPluginConnection.resolve(PlatformURLPluginConnection.java:75)
	at org.eclipse.core.internal.boot.PlatformURLHandler.openConnection(PlatformURLHandler.java:67)
	at org.eclipse.osgi.internal.url.URLStreamHandlerProxy.openConnection(URLStreamHandlerProxy.java:114)
	at java.net.URL.openConnection(Unknown Source)
	at org.eclipse.core.internal.runtime.PlatformURLConverter.toFileURL(PlatformURLConverter.java:33)
	at org.eclipse.core.runtime.FileLocator.toFileURL(FileLocator.java:206)
	at org.eclipse.jface.resource.URLImageDescriptor.getFilePath(URLImageDescriptor.java:141)
	at org.eclipse.jface.resource.URLImageDescriptor.createImage(URLImageDescriptor.java:162)
	at org.eclipse.jface.resource.ImageDescriptor.createImage(ImageDescriptor.java:230)
	at org.eclipse.jface.resource.ImageDescriptor.createImage(ImageDescriptor.java:208)
	at org.eclipse.e4.ui.workbench.renderers.swt.SWTPartRenderer.getImageFromURI(SWTPartRenderer.java:221)
	at org.eclipse.e4.ui.workbench.renderers.swt.SWTPartRenderer.getImage(SWTPartRenderer.java:233)
	at org.eclipse.e4.ui.workbench.renderers.swt.StackRenderer.createTab(StackRenderer.java:828)
	at org.eclipse.e4.ui.workbench.renderers.swt.LazyStackRenderer.processContents(LazyStackRenderer.java:136)
	at org.eclipse.e4.ui.internal.workbench.swt.PartRenderingEngine.safeCreateGui(PartRenderingEngine.java:674)
	at org.eclipse.e4.ui.internal.workbench.swt.PartRenderingEngine.safeCreateGui(PartRenderingEngine.java:766)
	at org.eclipse.e4.ui.internal.workbench.swt.PartRenderingEngine.access$2(PartRenderingEngine.java:737)
	at org.eclipse.e4.ui.internal.workbench.swt.PartRenderingEngine$7.run(PartRenderingEngine.java:731)
	at org.eclipse.core.runtime.SafeRunner.run(SafeRunner.java:42)
	at org.eclipse.e4.ui.internal.workbench.swt.PartRenderingEngine.createGui(PartRenderingEngine.java:715)
	at org.eclipse.e4.ui.workbench.renderers.swt.SWTPartRenderer.processContents(SWTPartRenderer.java:68)
	at org.eclipse.e4.ui.workbench.renderers.swt.SashRenderer.processContents(SashRenderer.java:185)
	at org.eclipse.e4.ui.internal.workbench.swt.PartRenderingEngine.safeCreateGui(PartRenderingEngine.java:674)
	at org.eclipse.e4.ui.internal.workbench.swt.PartRenderingEngine.safeCreateGui(PartRenderingEngine.java:766)
	at org.eclipse.e4.ui.internal.workbench.swt.PartRenderingEngine.access$2(PartRenderingEngine.java:737)
	at org.eclipse.e4.ui.internal.workbench.swt.PartRenderingEngine$7.run(PartRenderingEngine.java:731)
	at org.eclipse.core.runtime.SafeRunner.run(SafeRunner.java:42)
	at org.eclipse.e4.ui.internal.workbench.swt.PartRenderingEngine.createGui(PartRenderingEngine.java:715)
	at org.eclipse.e4.ui.workbench.renderers.swt.SWTPartRenderer.processContents(SWTPartRenderer.java:68)
	at org.eclipse.e4.ui.workbench.renderers.swt.SashRenderer.processContents(SashRenderer.java:185)
	at org.eclipse.e4.ui.internal.workbench.swt.PartRenderingEngine.safeCreateGui(PartRenderingEngine.java:674)
	at org.eclipse.e4.ui.internal.workbench.swt.PartRenderingEngine.safeCreateGui(PartRenderingEngine.java:766)
	at org.eclipse.e4.ui.internal.workbench.swt.PartRenderingEngine.access$2(PartRenderingEngine.java:737)
	at org.eclipse.e4.ui.internal.workbench.swt.PartRenderingEngine$7.run(PartRenderingEngine.java:731)
	at org.eclipse.core.runtime.SafeRunner.run(SafeRunner.java:42)
	at org.eclipse.e4.ui.internal.workbench.swt.PartRenderingEngine.createGui(PartRenderingEngine.java:715)
	at org.eclipse.e4.ui.workbench.renderers.swt.SWTPartRenderer.processContents(SWTPartRenderer.java:68)
	at org.eclipse.e4.ui.workbench.renderers.swt.SashRenderer.processContents(SashRenderer.java:185)
	at org.eclipse.e4.ui.internal.workbench.swt.PartRenderingEngine.safeCreateGui(PartRenderingEngine.java:674)
	at org.eclipse.e4.ui.internal.workbench.swt.PartRenderingEngine.safeCreateGui(PartRenderingEngine.java:766)
	at org.eclipse.e4.ui.internal.workbench.swt.PartRenderingEngine.access$2(PartRenderingEngine.java:737)
	at org.eclipse.e4.ui.internal.workbench.swt.PartRenderingEngine$7.run(PartRenderingEngine.java:731)
	at org.eclipse.core.runtime.SafeRunner.run(SafeRunner.java:42)
	at org.eclipse.e4.ui.internal.workbench.swt.PartRenderingEngine.createGui(PartRenderingEngine.java:715)
	at org.eclipse.e4.ui.workbench.renderers.swt.SWTPartRenderer.processContents(SWTPartRenderer.java:68)
	at org.eclipse.e4.ui.workbench.renderers.swt.PerspectiveRenderer.processContents(PerspectiveRenderer.java:49)
	at org.eclipse.e4.ui.internal.workbench.swt.PartRenderingEngine.safeCreateGui(PartRenderingEngine.java:674)
	at org.eclipse.e4.ui.internal.workbench.swt.PartRenderingEngine.safeCreateGui(PartRenderingEngine.java:766)
	at org.eclipse.e4.ui.internal.workbench.swt.PartRenderingEngine.access$2(PartRenderingEngine.java:737)
	at org.eclipse.e4.ui.internal.workbench.swt.PartRenderingEngine$7.run(PartRenderingEngine.java:731)
	at org.eclipse.core.runtime.SafeRunner.run(SafeRunner.java:42)
	at org.eclipse.e4.ui.internal.workbench.swt.PartRenderingEngine.createGui(PartRenderingEngine.java:715)
	at org.eclipse.e4.ui.workbench.renderers.swt.PerspectiveStackRenderer.showTab(PerspectiveStackRenderer.java:103)
	at org.eclipse.e4.ui.workbench.renderers.swt.LazyStackRenderer.postProcess(LazyStackRenderer.java:100)
	at org.eclipse.e4.ui.workbench.renderers.swt.PerspectiveStackRenderer.postProcess(PerspectiveStackRenderer.java:77)
	at org.eclipse.e4.ui.internal.workbench.swt.PartRenderingEngine.safeCreateGui(PartRenderingEngine.java:678)
	at org.eclipse.e4.ui.internal.workbench.swt.PartRenderingEngine.safeCreateGui(PartRenderingEngine.java:766)
	at org.eclipse.e4.ui.internal.workbench.swt.PartRenderingEngine.access$2(PartRenderingEngine.java:737)
	at org.eclipse.e4.ui.internal.workbench.swt.PartRenderingEngine$7.run(PartRenderingEngine.java:731)
	at org.eclipse.core.runtime.SafeRunner.run(SafeRunner.java:42)
	at org.eclipse.e4.ui.internal.workbench.swt.PartRenderingEngine.createGui(PartRenderingEngine.java:715)
	at org.eclipse.e4.ui.workbench.renderers.swt.SWTPartRenderer.processContents(SWTPartRenderer.java:68)
	at org.eclipse.e4.ui.workbench.renderers.swt.SashRenderer.processContents(SashRenderer.java:185)
	at org.eclipse.e4.ui.internal.workbench.swt.PartRenderingEngine.safeCreateGui(PartRenderingEngine.java:674)
	at org.eclipse.e4.ui.internal.workbench.swt.PartRenderingEngine.safeCreateGui(PartRenderingEngine.java:766)
	at org.eclipse.e4.ui.internal.workbench.swt.PartRenderingEngine.access$2(PartRenderingEngine.java:737)
	at org.eclipse.e4.ui.internal.workbench.swt.PartRenderingEngine$7.run(PartRenderingEngine.java:731)
	at org.eclipse.core.runtime.SafeRunner.run(SafeRunner.java:42)
	at org.eclipse.e4.ui.internal.workbench.swt.PartRenderingEngine.createGui(PartRenderingEngine.java:715)
	at org.eclipse.e4.ui.workbench.renderers.swt.SWTPartRenderer.processContents(SWTPartRenderer.java:68)
	at org.eclipse.e4.ui.workbench.renderers.swt.WBWRenderer.processContents(WBWRenderer.java:664)
	at org.eclipse.e4.ui.internal.workbench.swt.PartRenderingEngine.safeCreateGui(PartRenderingEngine.java:674)
	at org.eclipse.e4.ui.internal.workbench.swt.PartRenderingEngine.safeCreateGui(PartRenderingEngine.java:766)
	at org.eclipse.e4.ui.internal.workbench.swt.PartRenderingEngine.access$2(PartRenderingEngine.java:737)
	at org.eclipse.e4.ui.internal.workbench.swt.PartRenderingEngine$7.run(PartRenderingEngine.java:731)
	at org.eclipse.core.runtime.SafeRunner.run(SafeRunner.java:42)
	at org.eclipse.e4.ui.internal.workbench.swt.PartRenderingEngine.createGui(PartRenderingEngine.java:715)
	at org.eclipse.e4.ui.internal.workbench.swt.PartRenderingEngine$9.run(PartRenderingEngine.java:1078)
	at org.eclipse.core.databinding.observable.Realm.runWithDefault(Realm.java:332)
	at org.eclipse.e4.ui.internal.workbench.swt.PartRenderingEngine.run(PartRenderingEngine.java:1032)
	at org.eclipse.e4.ui.internal.workbench.E4Workbench.createAndRunUI(E4Workbench.java:148)
	at org.eclipse.ui.internal.Workbench$5.run(Workbench.java:636)
	at org.eclipse.core.databinding.observable.Realm.runWithDefault(Realm.java:332)
	at org.eclipse.ui.internal.Workbench.createAndRunWorkbench(Workbench.java:579)
	at org.eclipse.ui.PlatformUI.createAndRunWorkbench(PlatformUI.java:150)
	at org.eclipse.ui.internal.ide.application.IDEApplication.start(IDEApplication.java:135)
	at org.eclipse.equinox.internal.app.EclipseAppHandle.run(EclipseAppHandle.java:196)
	at org.eclipse.core.runtime.internal.adaptor.EclipseAppLauncher.runApplication(EclipseAppLauncher.java:134)
	at org.eclipse.core.runtime.internal.adaptor.EclipseAppLauncher.start(EclipseAppLauncher.java:104)
	at org.eclipse.core.runtime.adaptor.EclipseStarter.run(EclipseStarter.java:380)
	at org.eclipse.core.runtime.adaptor.EclipseStarter.run(EclipseStarter.java:235)
	at sun.reflect.NativeMethodAccessorImpl.invoke0(Native Method)
	at sun.reflect.NativeMethodAccessorImpl.invoke(Unknown Source)
	at sun.reflect.DelegatingMethodAccessorImpl.invoke(Unknown Source)
	at java.lang.reflect.Method.invoke(Unknown Source)
	at org.eclipse.equinox.launcher.Main.invokeFramework(Main.java:648)
	at org.eclipse.equinox.launcher.Main.basicRun(Main.java:603)
	at org.eclipse.equinox.launcher.Main.run(Main.java:1465)
	at org.eclipse.equinox.launcher.Main.main(Main.java:1438)

!ENTRY org.eclipse.jface 4 0 2015-10-12 19:44:28.318
!MESSAGE Unable to resolve plug-in "platform:/plugin/com.oxygenxml.editor/eclipseIcons/DockableFrameEntities16.gif".
!STACK 0
java.io.IOException: Unable to resolve plug-in "platform:/plugin/com.oxygenxml.editor/eclipseIcons/DockableFrameEntities16.gif".
	at org.eclipse.core.internal.runtime.PlatformURLPluginConnection.parse(PlatformURLPluginConnection.java:64)
	at org.eclipse.core.internal.runtime.PlatformURLPluginConnection.resolve(PlatformURLPluginConnection.java:75)
	at org.eclipse.core.internal.boot.PlatformURLHandler.openConnection(PlatformURLHandler.java:67)
	at org.eclipse.osgi.internal.url.URLStreamHandlerProxy.openConnection(URLStreamHandlerProxy.java:114)
	at java.net.URL.openConnection(Unknown Source)
	at org.eclipse.core.internal.runtime.PlatformURLConverter.toFileURL(PlatformURLConverter.java:33)
	at org.eclipse.core.runtime.FileLocator.toFileURL(FileLocator.java:206)
	at org.eclipse.jface.resource.URLImageDescriptor.getFilePath(URLImageDescriptor.java:141)
	at org.eclipse.jface.resource.URLImageDescriptor.createImage(URLImageDescriptor.java:162)
	at org.eclipse.jface.resource.ImageDescriptor.createImage(ImageDescriptor.java:230)
	at org.eclipse.jface.resource.ImageDescriptor.createImage(ImageDescriptor.java:208)
	at org.eclipse.e4.ui.workbench.renderers.swt.SWTPartRenderer.getImageFromURI(SWTPartRenderer.java:221)
	at org.eclipse.e4.ui.workbench.renderers.swt.SWTPartRenderer.getImage(SWTPartRenderer.java:233)
	at org.eclipse.e4.ui.workbench.renderers.swt.StackRenderer.createTab(StackRenderer.java:828)
	at org.eclipse.e4.ui.workbench.renderers.swt.LazyStackRenderer.processContents(LazyStackRenderer.java:136)
	at org.eclipse.e4.ui.internal.workbench.swt.PartRenderingEngine.safeCreateGui(PartRenderingEngine.java:674)
	at org.eclipse.e4.ui.internal.workbench.swt.PartRenderingEngine.safeCreateGui(PartRenderingEngine.java:766)
	at org.eclipse.e4.ui.internal.workbench.swt.PartRenderingEngine.access$2(PartRenderingEngine.java:737)
	at org.eclipse.e4.ui.internal.workbench.swt.PartRenderingEngine$7.run(PartRenderingEngine.java:731)
	at org.eclipse.core.runtime.SafeRunner.run(SafeRunner.java:42)
	at org.eclipse.e4.ui.internal.workbench.swt.PartRenderingEngine.createGui(PartRenderingEngine.java:715)
	at org.eclipse.e4.ui.workbench.renderers.swt.SWTPartRenderer.processContents(SWTPartRenderer.java:68)
	at org.eclipse.e4.ui.workbench.renderers.swt.SashRenderer.processContents(SashRenderer.java:185)
	at org.eclipse.e4.ui.internal.workbench.swt.PartRenderingEngine.safeCreateGui(PartRenderingEngine.java:674)
	at org.eclipse.e4.ui.internal.workbench.swt.PartRenderingEngine.safeCreateGui(PartRenderingEngine.java:766)
	at org.eclipse.e4.ui.internal.workbench.swt.PartRenderingEngine.access$2(PartRenderingEngine.java:737)
	at org.eclipse.e4.ui.internal.workbench.swt.PartRenderingEngine$7.run(PartRenderingEngine.java:731)
	at org.eclipse.core.runtime.SafeRunner.run(SafeRunner.java:42)
	at org.eclipse.e4.ui.internal.workbench.swt.PartRenderingEngine.createGui(PartRenderingEngine.java:715)
	at org.eclipse.e4.ui.workbench.renderers.swt.SWTPartRenderer.processContents(SWTPartRenderer.java:68)
	at org.eclipse.e4.ui.workbench.renderers.swt.SashRenderer.processContents(SashRenderer.java:185)
	at org.eclipse.e4.ui.internal.workbench.swt.PartRenderingEngine.safeCreateGui(PartRenderingEngine.java:674)
	at org.eclipse.e4.ui.internal.workbench.swt.PartRenderingEngine.safeCreateGui(PartRenderingEngine.java:766)
	at org.eclipse.e4.ui.internal.workbench.swt.PartRenderingEngine.access$2(PartRenderingEngine.java:737)
	at org.eclipse.e4.ui.internal.workbench.swt.PartRenderingEngine$7.run(PartRenderingEngine.java:731)
	at org.eclipse.core.runtime.SafeRunner.run(SafeRunner.java:42)
	at org.eclipse.e4.ui.internal.workbench.swt.PartRenderingEngine.createGui(PartRenderingEngine.java:715)
	at org.eclipse.e4.ui.workbench.renderers.swt.SWTPartRenderer.processContents(SWTPartRenderer.java:68)
	at org.eclipse.e4.ui.workbench.renderers.swt.SashRenderer.processContents(SashRenderer.java:185)
	at org.eclipse.e4.ui.internal.workbench.swt.PartRenderingEngine.safeCreateGui(PartRenderingEngine.java:674)
	at org.eclipse.e4.ui.internal.workbench.swt.PartRenderingEngine.safeCreateGui(PartRenderingEngine.java:766)
	at org.eclipse.e4.ui.internal.workbench.swt.PartRenderingEngine.access$2(PartRenderingEngine.java:737)
	at org.eclipse.e4.ui.internal.workbench.swt.PartRenderingEngine$7.run(PartRenderingEngine.java:731)
	at org.eclipse.core.runtime.SafeRunner.run(SafeRunner.java:42)
	at org.eclipse.e4.ui.internal.workbench.swt.PartRenderingEngine.createGui(PartRenderingEngine.java:715)
	at org.eclipse.e4.ui.workbench.renderers.swt.SWTPartRenderer.processContents(SWTPartRenderer.java:68)
	at org.eclipse.e4.ui.workbench.renderers.swt.PerspectiveRenderer.processContents(PerspectiveRenderer.java:49)
	at org.eclipse.e4.ui.internal.workbench.swt.PartRenderingEngine.safeCreateGui(PartRenderingEngine.java:674)
	at org.eclipse.e4.ui.internal.workbench.swt.PartRenderingEngine.safeCreateGui(PartRenderingEngine.java:766)
	at org.eclipse.e4.ui.internal.workbench.swt.PartRenderingEngine.access$2(PartRenderingEngine.java:737)
	at org.eclipse.e4.ui.internal.workbench.swt.PartRenderingEngine$7.run(PartRenderingEngine.java:731)
	at org.eclipse.core.runtime.SafeRunner.run(SafeRunner.java:42)
	at org.eclipse.e4.ui.internal.workbench.swt.PartRenderingEngine.createGui(PartRenderingEngine.java:715)
	at org.eclipse.e4.ui.workbench.renderers.swt.PerspectiveStackRenderer.showTab(PerspectiveStackRenderer.java:103)
	at org.eclipse.e4.ui.workbench.renderers.swt.LazyStackRenderer.postProcess(LazyStackRenderer.java:100)
	at org.eclipse.e4.ui.workbench.renderers.swt.PerspectiveStackRenderer.postProcess(PerspectiveStackRenderer.java:77)
	at org.eclipse.e4.ui.internal.workbench.swt.PartRenderingEngine.safeCreateGui(PartRenderingEngine.java:678)
	at org.eclipse.e4.ui.internal.workbench.swt.PartRenderingEngine.safeCreateGui(PartRenderingEngine.java:766)
	at org.eclipse.e4.ui.internal.workbench.swt.PartRenderingEngine.access$2(PartRenderingEngine.java:737)
	at org.eclipse.e4.ui.internal.workbench.swt.PartRenderingEngine$7.run(PartRenderingEngine.java:731)
	at org.eclipse.core.runtime.SafeRunner.run(SafeRunner.java:42)
	at org.eclipse.e4.ui.internal.workbench.swt.PartRenderingEngine.createGui(PartRenderingEngine.java:715)
	at org.eclipse.e4.ui.workbench.renderers.swt.SWTPartRenderer.processContents(SWTPartRenderer.java:68)
	at org.eclipse.e4.ui.workbench.renderers.swt.SashRenderer.processContents(SashRenderer.java:185)
	at org.eclipse.e4.ui.internal.workbench.swt.PartRenderingEngine.safeCreateGui(PartRenderingEngine.java:674)
	at org.eclipse.e4.ui.internal.workbench.swt.PartRenderingEngine.safeCreateGui(PartRenderingEngine.java:766)
	at org.eclipse.e4.ui.internal.workbench.swt.PartRenderingEngine.access$2(PartRenderingEngine.java:737)
	at org.eclipse.e4.ui.internal.workbench.swt.PartRenderingEngine$7.run(PartRenderingEngine.java:731)
	at org.eclipse.core.runtime.SafeRunner.run(SafeRunner.java:42)
	at org.eclipse.e4.ui.internal.workbench.swt.PartRenderingEngine.createGui(PartRenderingEngine.java:715)
	at org.eclipse.e4.ui.workbench.renderers.swt.SWTPartRenderer.processContents(SWTPartRenderer.java:68)
	at org.eclipse.e4.ui.workbench.renderers.swt.WBWRenderer.processContents(WBWRenderer.java:664)
	at org.eclipse.e4.ui.internal.workbench.swt.PartRenderingEngine.safeCreateGui(PartRenderingEngine.java:674)
	at org.eclipse.e4.ui.internal.workbench.swt.PartRenderingEngine.safeCreateGui(PartRenderingEngine.java:766)
	at org.eclipse.e4.ui.internal.workbench.swt.PartRenderingEngine.access$2(PartRenderingEngine.java:737)
	at org.eclipse.e4.ui.internal.workbench.swt.PartRenderingEngine$7.run(PartRenderingEngine.java:731)
	at org.eclipse.core.runtime.SafeRunner.run(SafeRunner.java:42)
	at org.eclipse.e4.ui.internal.workbench.swt.PartRenderingEngine.createGui(PartRenderingEngine.java:715)
	at org.eclipse.e4.ui.internal.workbench.swt.PartRenderingEngine$9.run(PartRenderingEngine.java:1078)
	at org.eclipse.core.databinding.observable.Realm.runWithDefault(Realm.java:332)
	at org.eclipse.e4.ui.internal.workbench.swt.PartRenderingEngine.run(PartRenderingEngine.java:1032)
	at org.eclipse.e4.ui.internal.workbench.E4Workbench.createAndRunUI(E4Workbench.java:148)
	at org.eclipse.ui.internal.Workbench$5.run(Workbench.java:636)
	at org.eclipse.core.databinding.observable.Realm.runWithDefault(Realm.java:332)
	at org.eclipse.ui.internal.Workbench.createAndRunWorkbench(Workbench.java:579)
	at org.eclipse.ui.PlatformUI.createAndRunWorkbench(PlatformUI.java:150)
	at org.eclipse.ui.internal.ide.application.IDEApplication.start(IDEApplication.java:135)
	at org.eclipse.equinox.internal.app.EclipseAppHandle.run(EclipseAppHandle.java:196)
	at org.eclipse.core.runtime.internal.adaptor.EclipseAppLauncher.runApplication(EclipseAppLauncher.java:134)
	at org.eclipse.core.runtime.internal.adaptor.EclipseAppLauncher.start(EclipseAppLauncher.java:104)
	at org.eclipse.core.runtime.adaptor.EclipseStarter.run(EclipseStarter.java:380)
	at org.eclipse.core.runtime.adaptor.EclipseStarter.run(EclipseStarter.java:235)
	at sun.reflect.NativeMethodAccessorImpl.invoke0(Native Method)
	at sun.reflect.NativeMethodAccessorImpl.invoke(Unknown Source)
	at sun.reflect.DelegatingMethodAccessorImpl.invoke(Unknown Source)
	at java.lang.reflect.Method.invoke(Unknown Source)
	at org.eclipse.equinox.launcher.Main.invokeFramework(Main.java:648)
	at org.eclipse.equinox.launcher.Main.basicRun(Main.java:603)
	at org.eclipse.equinox.launcher.Main.run(Main.java:1465)
	at org.eclipse.equinox.launcher.Main.main(Main.java:1438)

!ENTRY org.eclipse.jface 4 0 2015-10-12 19:44:28.324
!MESSAGE Unable to resolve plug-in "platform:/plugin/com.oxygenxml.editor/eclipseIcons/DockableFrameXsdPalette16.gif".
!STACK 0
java.io.IOException: Unable to resolve plug-in "platform:/plugin/com.oxygenxml.editor/eclipseIcons/DockableFrameXsdPalette16.gif".
	at org.eclipse.core.internal.runtime.PlatformURLPluginConnection.parse(PlatformURLPluginConnection.java:64)
	at org.eclipse.core.internal.runtime.PlatformURLPluginConnection.resolve(PlatformURLPluginConnection.java:75)
	at org.eclipse.core.internal.boot.PlatformURLHandler.openConnection(PlatformURLHandler.java:67)
	at org.eclipse.osgi.internal.url.URLStreamHandlerProxy.openConnection(URLStreamHandlerProxy.java:114)
	at java.net.URL.openConnection(Unknown Source)
	at org.eclipse.core.internal.runtime.PlatformURLConverter.toFileURL(PlatformURLConverter.java:33)
	at org.eclipse.core.runtime.FileLocator.toFileURL(FileLocator.java:206)
	at org.eclipse.jface.resource.URLImageDescriptor.getFilePath(URLImageDescriptor.java:141)
	at org.eclipse.jface.resource.URLImageDescriptor.createImage(URLImageDescriptor.java:162)
	at org.eclipse.jface.resource.ImageDescriptor.createImage(ImageDescriptor.java:230)
	at org.eclipse.jface.resource.ImageDescriptor.createImage(ImageDescriptor.java:208)
	at org.eclipse.e4.ui.workbench.renderers.swt.SWTPartRenderer.getImageFromURI(SWTPartRenderer.java:221)
	at org.eclipse.e4.ui.workbench.renderers.swt.SWTPartRenderer.getImage(SWTPartRenderer.java:233)
	at org.eclipse.e4.ui.workbench.renderers.swt.StackRenderer.createTab(StackRenderer.java:828)
	at org.eclipse.e4.ui.workbench.renderers.swt.LazyStackRenderer.processContents(LazyStackRenderer.java:136)
	at org.eclipse.e4.ui.internal.workbench.swt.PartRenderingEngine.safeCreateGui(PartRenderingEngine.java:674)
	at org.eclipse.e4.ui.internal.workbench.swt.PartRenderingEngine.safeCreateGui(PartRenderingEngine.java:766)
	at org.eclipse.e4.ui.internal.workbench.swt.PartRenderingEngine.access$2(PartRenderingEngine.java:737)
	at org.eclipse.e4.ui.internal.workbench.swt.PartRenderingEngine$7.run(PartRenderingEngine.java:731)
	at org.eclipse.core.runtime.SafeRunner.run(SafeRunner.java:42)
	at org.eclipse.e4.ui.internal.workbench.swt.PartRenderingEngine.createGui(PartRenderingEngine.java:715)
	at org.eclipse.e4.ui.workbench.renderers.swt.SWTPartRenderer.processContents(SWTPartRenderer.java:68)
	at org.eclipse.e4.ui.workbench.renderers.swt.SashRenderer.processContents(SashRenderer.java:185)
	at org.eclipse.e4.ui.internal.workbench.swt.PartRenderingEngine.safeCreateGui(PartRenderingEngine.java:674)
	at org.eclipse.e4.ui.internal.workbench.swt.PartRenderingEngine.safeCreateGui(PartRenderingEngine.java:766)
	at org.eclipse.e4.ui.internal.workbench.swt.PartRenderingEngine.access$2(PartRenderingEngine.java:737)
	at org.eclipse.e4.ui.internal.workbench.swt.PartRenderingEngine$7.run(PartRenderingEngine.java:731)
	at org.eclipse.core.runtime.SafeRunner.run(SafeRunner.java:42)
	at org.eclipse.e4.ui.internal.workbench.swt.PartRenderingEngine.createGui(PartRenderingEngine.java:715)
	at org.eclipse.e4.ui.workbench.renderers.swt.SWTPartRenderer.processContents(SWTPartRenderer.java:68)
	at org.eclipse.e4.ui.workbench.renderers.swt.SashRenderer.processContents(SashRenderer.java:185)
	at org.eclipse.e4.ui.internal.workbench.swt.PartRenderingEngine.safeCreateGui(PartRenderingEngine.java:674)
	at org.eclipse.e4.ui.internal.workbench.swt.PartRenderingEngine.safeCreateGui(PartRenderingEngine.java:766)
	at org.eclipse.e4.ui.internal.workbench.swt.PartRenderingEngine.access$2(PartRenderingEngine.java:737)
	at org.eclipse.e4.ui.internal.workbench.swt.PartRenderingEngine$7.run(PartRenderingEngine.java:731)
	at org.eclipse.core.runtime.SafeRunner.run(SafeRunner.java:42)
	at org.eclipse.e4.ui.internal.workbench.swt.PartRenderingEngine.createGui(PartRenderingEngine.java:715)
	at org.eclipse.e4.ui.workbench.renderers.swt.SWTPartRenderer.processContents(SWTPartRenderer.java:68)
	at org.eclipse.e4.ui.workbench.renderers.swt.SashRenderer.processContents(SashRenderer.java:185)
	at org.eclipse.e4.ui.internal.workbench.swt.PartRenderingEngine.safeCreateGui(PartRenderingEngine.java:674)
	at org.eclipse.e4.ui.internal.workbench.swt.PartRenderingEngine.safeCreateGui(PartRenderingEngine.java:766)
	at org.eclipse.e4.ui.internal.workbench.swt.PartRenderingEngine.access$2(PartRenderingEngine.java:737)
	at org.eclipse.e4.ui.internal.workbench.swt.PartRenderingEngine$7.run(PartRenderingEngine.java:731)
	at org.eclipse.core.runtime.SafeRunner.run(SafeRunner.java:42)
	at org.eclipse.e4.ui.internal.workbench.swt.PartRenderingEngine.createGui(PartRenderingEngine.java:715)
	at org.eclipse.e4.ui.workbench.renderers.swt.SWTPartRenderer.processContents(SWTPartRenderer.java:68)
	at org.eclipse.e4.ui.workbench.renderers.swt.PerspectiveRenderer.processContents(PerspectiveRenderer.java:49)
	at org.eclipse.e4.ui.internal.workbench.swt.PartRenderingEngine.safeCreateGui(PartRenderingEngine.java:674)
	at org.eclipse.e4.ui.internal.workbench.swt.PartRenderingEngine.safeCreateGui(PartRenderingEngine.java:766)
	at org.eclipse.e4.ui.internal.workbench.swt.PartRenderingEngine.access$2(PartRenderingEngine.java:737)
	at org.eclipse.e4.ui.internal.workbench.swt.PartRenderingEngine$7.run(PartRenderingEngine.java:731)
	at org.eclipse.core.runtime.SafeRunner.run(SafeRunner.java:42)
	at org.eclipse.e4.ui.internal.workbench.swt.PartRenderingEngine.createGui(PartRenderingEngine.java:715)
	at org.eclipse.e4.ui.workbench.renderers.swt.PerspectiveStackRenderer.showTab(PerspectiveStackRenderer.java:103)
	at org.eclipse.e4.ui.workbench.renderers.swt.LazyStackRenderer.postProcess(LazyStackRenderer.java:100)
	at org.eclipse.e4.ui.workbench.renderers.swt.PerspectiveStackRenderer.postProcess(PerspectiveStackRenderer.java:77)
	at org.eclipse.e4.ui.internal.workbench.swt.PartRenderingEngine.safeCreateGui(PartRenderingEngine.java:678)
	at org.eclipse.e4.ui.internal.workbench.swt.PartRenderingEngine.safeCreateGui(PartRenderingEngine.java:766)
	at org.eclipse.e4.ui.internal.workbench.swt.PartRenderingEngine.access$2(PartRenderingEngine.java:737)
	at org.eclipse.e4.ui.internal.workbench.swt.PartRenderingEngine$7.run(PartRenderingEngine.java:731)
	at org.eclipse.core.runtime.SafeRunner.run(SafeRunner.java:42)
	at org.eclipse.e4.ui.internal.workbench.swt.PartRenderingEngine.createGui(PartRenderingEngine.java:715)
	at org.eclipse.e4.ui.workbench.renderers.swt.SWTPartRenderer.processContents(SWTPartRenderer.java:68)
	at org.eclipse.e4.ui.workbench.renderers.swt.SashRenderer.processContents(SashRenderer.java:185)
	at org.eclipse.e4.ui.internal.workbench.swt.PartRenderingEngine.safeCreateGui(PartRenderingEngine.java:674)
	at org.eclipse.e4.ui.internal.workbench.swt.PartRenderingEngine.safeCreateGui(PartRenderingEngine.java:766)
	at org.eclipse.e4.ui.internal.workbench.swt.PartRenderingEngine.access$2(PartRenderingEngine.java:737)
	at org.eclipse.e4.ui.internal.workbench.swt.PartRenderingEngine$7.run(PartRenderingEngine.java:731)
	at org.eclipse.core.runtime.SafeRunner.run(SafeRunner.java:42)
	at org.eclipse.e4.ui.internal.workbench.swt.PartRenderingEngine.createGui(PartRenderingEngine.java:715)
	at org.eclipse.e4.ui.workbench.renderers.swt.SWTPartRenderer.processContents(SWTPartRenderer.java:68)
	at org.eclipse.e4.ui.workbench.renderers.swt.WBWRenderer.processContents(WBWRenderer.java:664)
	at org.eclipse.e4.ui.internal.workbench.swt.PartRenderingEngine.safeCreateGui(PartRenderingEngine.java:674)
	at org.eclipse.e4.ui.internal.workbench.swt.PartRenderingEngine.safeCreateGui(PartRenderingEngine.java:766)
	at org.eclipse.e4.ui.internal.workbench.swt.PartRenderingEngine.access$2(PartRenderingEngine.java:737)
	at org.eclipse.e4.ui.internal.workbench.swt.PartRenderingEngine$7.run(PartRenderingEngine.java:731)
	at org.eclipse.core.runtime.SafeRunner.run(SafeRunner.java:42)
	at org.eclipse.e4.ui.internal.workbench.swt.PartRenderingEngine.createGui(PartRenderingEngine.java:715)
	at org.eclipse.e4.ui.internal.workbench.swt.PartRenderingEngine$9.run(PartRenderingEngine.java:1078)
	at org.eclipse.core.databinding.observable.Realm.runWithDefault(Realm.java:332)
	at org.eclipse.e4.ui.internal.workbench.swt.PartRenderingEngine.run(PartRenderingEngine.java:1032)
	at org.eclipse.e4.ui.internal.workbench.E4Workbench.createAndRunUI(E4Workbench.java:148)
	at org.eclipse.ui.internal.Workbench$5.run(Workbench.java:636)
	at org.eclipse.core.databinding.observable.Realm.runWithDefault(Realm.java:332)
	at org.eclipse.ui.internal.Workbench.createAndRunWorkbench(Workbench.java:579)
	at org.eclipse.ui.PlatformUI.createAndRunWorkbench(PlatformUI.java:150)
	at org.eclipse.ui.internal.ide.application.IDEApplication.start(IDEApplication.java:135)
	at org.eclipse.equinox.internal.app.EclipseAppHandle.run(EclipseAppHandle.java:196)
	at org.eclipse.core.runtime.internal.adaptor.EclipseAppLauncher.runApplication(EclipseAppLauncher.java:134)
	at org.eclipse.core.runtime.internal.adaptor.EclipseAppLauncher.start(EclipseAppLauncher.java:104)
	at org.eclipse.core.runtime.adaptor.EclipseStarter.run(EclipseStarter.java:380)
	at org.eclipse.core.runtime.adaptor.EclipseStarter.run(EclipseStarter.java:235)
	at sun.reflect.NativeMethodAccessorImpl.invoke0(Native Method)
	at sun.reflect.NativeMethodAccessorImpl.invoke(Unknown Source)
	at sun.reflect.DelegatingMethodAccessorImpl.invoke(Unknown Source)
	at java.lang.reflect.Method.invoke(Unknown Source)
	at org.eclipse.equinox.launcher.Main.invokeFramework(Main.java:648)
	at org.eclipse.equinox.launcher.Main.basicRun(Main.java:603)
	at org.eclipse.equinox.launcher.Main.run(Main.java:1465)
	at org.eclipse.equinox.launcher.Main.main(Main.java:1438)

!ENTRY org.eclipse.jface 4 0 2015-10-12 19:44:28.330
!MESSAGE Unable to resolve plug-in "platform:/plugin/com.oxygenxml.editor/eclipseIcons/DockableFrameXsltInput16.gif".
!STACK 0
java.io.IOException: Unable to resolve plug-in "platform:/plugin/com.oxygenxml.editor/eclipseIcons/DockableFrameXsltInput16.gif".
	at org.eclipse.core.internal.runtime.PlatformURLPluginConnection.parse(PlatformURLPluginConnection.java:64)
	at org.eclipse.core.internal.runtime.PlatformURLPluginConnection.resolve(PlatformURLPluginConnection.java:75)
	at org.eclipse.core.internal.boot.PlatformURLHandler.openConnection(PlatformURLHandler.java:67)
	at org.eclipse.osgi.internal.url.URLStreamHandlerProxy.openConnection(URLStreamHandlerProxy.java:114)
	at java.net.URL.openConnection(Unknown Source)
	at org.eclipse.core.internal.runtime.PlatformURLConverter.toFileURL(PlatformURLConverter.java:33)
	at org.eclipse.core.runtime.FileLocator.toFileURL(FileLocator.java:206)
	at org.eclipse.jface.resource.URLImageDescriptor.getFilePath(URLImageDescriptor.java:141)
	at org.eclipse.jface.resource.URLImageDescriptor.createImage(URLImageDescriptor.java:162)
	at org.eclipse.jface.resource.ImageDescriptor.createImage(ImageDescriptor.java:230)
	at org.eclipse.jface.resource.ImageDescriptor.createImage(ImageDescriptor.java:208)
	at org.eclipse.e4.ui.workbench.renderers.swt.SWTPartRenderer.getImageFromURI(SWTPartRenderer.java:221)
	at org.eclipse.e4.ui.workbench.renderers.swt.SWTPartRenderer.getImage(SWTPartRenderer.java:233)
	at org.eclipse.e4.ui.workbench.renderers.swt.StackRenderer.createTab(StackRenderer.java:828)
	at org.eclipse.e4.ui.workbench.renderers.swt.LazyStackRenderer.processContents(LazyStackRenderer.java:136)
	at org.eclipse.e4.ui.internal.workbench.swt.PartRenderingEngine.safeCreateGui(PartRenderingEngine.java:674)
	at org.eclipse.e4.ui.internal.workbench.swt.PartRenderingEngine.safeCreateGui(PartRenderingEngine.java:766)
	at org.eclipse.e4.ui.internal.workbench.swt.PartRenderingEngine.access$2(PartRenderingEngine.java:737)
	at org.eclipse.e4.ui.internal.workbench.swt.PartRenderingEngine$7.run(PartRenderingEngine.java:731)
	at org.eclipse.core.runtime.SafeRunner.run(SafeRunner.java:42)
	at org.eclipse.e4.ui.internal.workbench.swt.PartRenderingEngine.createGui(PartRenderingEngine.java:715)
	at org.eclipse.e4.ui.workbench.renderers.swt.SWTPartRenderer.processContents(SWTPartRenderer.java:68)
	at org.eclipse.e4.ui.workbench.renderers.swt.SashRenderer.processContents(SashRenderer.java:185)
	at org.eclipse.e4.ui.internal.workbench.swt.PartRenderingEngine.safeCreateGui(PartRenderingEngine.java:674)
	at org.eclipse.e4.ui.internal.workbench.swt.PartRenderingEngine.safeCreateGui(PartRenderingEngine.java:766)
	at org.eclipse.e4.ui.internal.workbench.swt.PartRenderingEngine.access$2(PartRenderingEngine.java:737)
	at org.eclipse.e4.ui.internal.workbench.swt.PartRenderingEngine$7.run(PartRenderingEngine.java:731)
	at org.eclipse.core.runtime.SafeRunner.run(SafeRunner.java:42)
	at org.eclipse.e4.ui.internal.workbench.swt.PartRenderingEngine.createGui(PartRenderingEngine.java:715)
	at org.eclipse.e4.ui.workbench.renderers.swt.SWTPartRenderer.processContents(SWTPartRenderer.java:68)
	at org.eclipse.e4.ui.workbench.renderers.swt.SashRenderer.processContents(SashRenderer.java:185)
	at org.eclipse.e4.ui.internal.workbench.swt.PartRenderingEngine.safeCreateGui(PartRenderingEngine.java:674)
	at org.eclipse.e4.ui.internal.workbench.swt.PartRenderingEngine.safeCreateGui(PartRenderingEngine.java:766)
	at org.eclipse.e4.ui.internal.workbench.swt.PartRenderingEngine.access$2(PartRenderingEngine.java:737)
	at org.eclipse.e4.ui.internal.workbench.swt.PartRenderingEngine$7.run(PartRenderingEngine.java:731)
	at org.eclipse.core.runtime.SafeRunner.run(SafeRunner.java:42)
	at org.eclipse.e4.ui.internal.workbench.swt.PartRenderingEngine.createGui(PartRenderingEngine.java:715)
	at org.eclipse.e4.ui.workbench.renderers.swt.SWTPartRenderer.processContents(SWTPartRenderer.java:68)
	at org.eclipse.e4.ui.workbench.renderers.swt.SashRenderer.processContents(SashRenderer.java:185)
	at org.eclipse.e4.ui.internal.workbench.swt.PartRenderingEngine.safeCreateGui(PartRenderingEngine.java:674)
	at org.eclipse.e4.ui.internal.workbench.swt.PartRenderingEngine.safeCreateGui(PartRenderingEngine.java:766)
	at org.eclipse.e4.ui.internal.workbench.swt.PartRenderingEngine.access$2(PartRenderingEngine.java:737)
	at org.eclipse.e4.ui.internal.workbench.swt.PartRenderingEngine$7.run(PartRenderingEngine.java:731)
	at org.eclipse.core.runtime.SafeRunner.run(SafeRunner.java:42)
	at org.eclipse.e4.ui.internal.workbench.swt.PartRenderingEngine.createGui(PartRenderingEngine.java:715)
	at org.eclipse.e4.ui.workbench.renderers.swt.SWTPartRenderer.processContents(SWTPartRenderer.java:68)
	at org.eclipse.e4.ui.workbench.renderers.swt.PerspectiveRenderer.processContents(PerspectiveRenderer.java:49)
	at org.eclipse.e4.ui.internal.workbench.swt.PartRenderingEngine.safeCreateGui(PartRenderingEngine.java:674)
	at org.eclipse.e4.ui.internal.workbench.swt.PartRenderingEngine.safeCreateGui(PartRenderingEngine.java:766)
	at org.eclipse.e4.ui.internal.workbench.swt.PartRenderingEngine.access$2(PartRenderingEngine.java:737)
	at org.eclipse.e4.ui.internal.workbench.swt.PartRenderingEngine$7.run(PartRenderingEngine.java:731)
	at org.eclipse.core.runtime.SafeRunner.run(SafeRunner.java:42)
	at org.eclipse.e4.ui.internal.workbench.swt.PartRenderingEngine.createGui(PartRenderingEngine.java:715)
	at org.eclipse.e4.ui.workbench.renderers.swt.PerspectiveStackRenderer.showTab(PerspectiveStackRenderer.java:103)
	at org.eclipse.e4.ui.workbench.renderers.swt.LazyStackRenderer.postProcess(LazyStackRenderer.java:100)
	at org.eclipse.e4.ui.workbench.renderers.swt.PerspectiveStackRenderer.postProcess(PerspectiveStackRenderer.java:77)
	at org.eclipse.e4.ui.internal.workbench.swt.PartRenderingEngine.safeCreateGui(PartRenderingEngine.java:678)
	at org.eclipse.e4.ui.internal.workbench.swt.PartRenderingEngine.safeCreateGui(PartRenderingEngine.java:766)
	at org.eclipse.e4.ui.internal.workbench.swt.PartRenderingEngine.access$2(PartRenderingEngine.java:737)
	at org.eclipse.e4.ui.internal.workbench.swt.PartRenderingEngine$7.run(PartRenderingEngine.java:731)
	at org.eclipse.core.runtime.SafeRunner.run(SafeRunner.java:42)
	at org.eclipse.e4.ui.internal.workbench.swt.PartRenderingEngine.createGui(PartRenderingEngine.java:715)
	at org.eclipse.e4.ui.workbench.renderers.swt.SWTPartRenderer.processContents(SWTPartRenderer.java:68)
	at org.eclipse.e4.ui.workbench.renderers.swt.SashRenderer.processContents(SashRenderer.java:185)
	at org.eclipse.e4.ui.internal.workbench.swt.PartRenderingEngine.safeCreateGui(PartRenderingEngine.java:674)
	at org.eclipse.e4.ui.internal.workbench.swt.PartRenderingEngine.safeCreateGui(PartRenderingEngine.java:766)
	at org.eclipse.e4.ui.internal.workbench.swt.PartRenderingEngine.access$2(PartRenderingEngine.java:737)
	at org.eclipse.e4.ui.internal.workbench.swt.PartRenderingEngine$7.run(PartRenderingEngine.java:731)
	at org.eclipse.core.runtime.SafeRunner.run(SafeRunner.java:42)
	at org.eclipse.e4.ui.internal.workbench.swt.PartRenderingEngine.createGui(PartRenderingEngine.java:715)
	at org.eclipse.e4.ui.workbench.renderers.swt.SWTPartRenderer.processContents(SWTPartRenderer.java:68)
	at org.eclipse.e4.ui.workbench.renderers.swt.WBWRenderer.processContents(WBWRenderer.java:664)
	at org.eclipse.e4.ui.internal.workbench.swt.PartRenderingEngine.safeCreateGui(PartRenderingEngine.java:674)
	at org.eclipse.e4.ui.internal.workbench.swt.PartRenderingEngine.safeCreateGui(PartRenderingEngine.java:766)
	at org.eclipse.e4.ui.internal.workbench.swt.PartRenderingEngine.access$2(PartRenderingEngine.java:737)
	at org.eclipse.e4.ui.internal.workbench.swt.PartRenderingEngine$7.run(PartRenderingEngine.java:731)
	at org.eclipse.core.runtime.SafeRunner.run(SafeRunner.java:42)
	at org.eclipse.e4.ui.internal.workbench.swt.PartRenderingEngine.createGui(PartRenderingEngine.java:715)
	at org.eclipse.e4.ui.internal.workbench.swt.PartRenderingEngine$9.run(PartRenderingEngine.java:1078)
	at org.eclipse.core.databinding.observable.Realm.runWithDefault(Realm.java:332)
	at org.eclipse.e4.ui.internal.workbench.swt.PartRenderingEngine.run(PartRenderingEngine.java:1032)
	at org.eclipse.e4.ui.internal.workbench.E4Workbench.createAndRunUI(E4Workbench.java:148)
	at org.eclipse.ui.internal.Workbench$5.run(Workbench.java:636)
	at org.eclipse.core.databinding.observable.Realm.runWithDefault(Realm.java:332)
	at org.eclipse.ui.internal.Workbench.createAndRunWorkbench(Workbench.java:579)
	at org.eclipse.ui.PlatformUI.createAndRunWorkbench(PlatformUI.java:150)
	at org.eclipse.ui.internal.ide.application.IDEApplication.start(IDEApplication.java:135)
	at org.eclipse.equinox.internal.app.EclipseAppHandle.run(EclipseAppHandle.java:196)
	at org.eclipse.core.runtime.internal.adaptor.EclipseAppLauncher.runApplication(EclipseAppLauncher.java:134)
	at org.eclipse.core.runtime.internal.adaptor.EclipseAppLauncher.start(EclipseAppLauncher.java:104)
	at org.eclipse.core.runtime.adaptor.EclipseStarter.run(EclipseStarter.java:380)
	at org.eclipse.core.runtime.adaptor.EclipseStarter.run(EclipseStarter.java:235)
	at sun.reflect.NativeMethodAccessorImpl.invoke0(Native Method)
	at sun.reflect.NativeMethodAccessorImpl.invoke(Unknown Source)
	at sun.reflect.DelegatingMethodAccessorImpl.invoke(Unknown Source)
	at java.lang.reflect.Method.invoke(Unknown Source)
	at org.eclipse.equinox.launcher.Main.invokeFramework(Main.java:648)
	at org.eclipse.equinox.launcher.Main.basicRun(Main.java:603)
	at org.eclipse.equinox.launcher.Main.run(Main.java:1465)
	at org.eclipse.equinox.launcher.Main.main(Main.java:1438)

!ENTRY org.eclipse.egit.ui 2 0 2015-10-12 19:44:29.221
!MESSAGE Warning: EGit couldn't detect the installation path "gitPrefix" of native Git. Hence EGit can't respect system level
Git settings which might be configured in ${gitPrefix}/etc/gitconfig under the native Git installation directory.
The most important of these settings is core.autocrlf. Git for Windows by default sets this parameter to true in
this system level configuration. The Git installation location can be configured on the
Team > Git > Configuration preference page's 'System Settings' tab.
This warning can be switched off on the Team > Git > Confirmations and Warnings preference page.

!ENTRY org.eclipse.egit.ui 2 0 2015-10-12 19:44:29.226
!MESSAGE Warning: The environment variable HOME is not set. The following directory will be used to store the Git
user global configuration and to define the default location to store repositories: 'C:\Users\Michael'. If this is
not correct please set the HOME environment variable and restart Eclipse. Otherwise Git for Windows and
EGit might behave differently since they see different configuration options.
This warning can be switched off on the Team > Git > Confirmations and Warnings preference page.

!ENTRY org.eclipse.wst.sse.core 4 4 2015-10-12 19:44:35.150
!MESSAGE C:\Users\Michael\Dropbox\Studium\Prog 1 - Kelb\Projekte\.metadata\.plugins\org.eclipse.wst.sse.core\task-tags.properties (Der Vorgang ist bei einer Datei mit einem geffneten Bereich, der einem Benutzer zugeordnet ist, nicht anwendbar)
!STACK 0
java.io.FileNotFoundException: C:\Users\Michael\Dropbox\Studium\Prog 1 - Kelb\Projekte\.metadata\.plugins\org.eclipse.wst.sse.core\task-tags.properties (Der Vorgang ist bei einer Datei mit einem geffneten Bereich, der einem Benutzer zugeordnet ist, nicht anwendbar)
	at java.io.FileOutputStream.open0(Native Method)
	at java.io.FileOutputStream.open(Unknown Source)
	at java.io.FileOutputStream.<init>(Unknown Source)
	at java.io.FileOutputStream.<init>(Unknown Source)
	at org.eclipse.wst.sse.core.internal.tasks.TaskScanningJob.setScannedProjects(TaskScanningJob.java:306)
	at org.eclipse.wst.sse.core.internal.tasks.TaskScanningJob.run(TaskScanningJob.java:219)
	at org.eclipse.core.internal.jobs.Worker.run(Worker.java:54)

!ENTRY org.eclipse.recommenders.calls.rcp 2 1 2015-10-12 20:02:43.371
!MESSAGE Cannot obtain JDTs lookup environment (debug only).
!STACK 0
org.eclipse.recommenders.utils.Logs$LogTraceException
	at org.eclipse.recommenders.utils.Logs$LogTraceException.newTrace(Logs.java:377)
	at org.eclipse.recommenders.utils.Logs.log(Logs.java:130)
	at org.eclipse.recommenders.utils.Logs.log(Logs.java:122)
	at org.eclipse.recommenders.internal.calls.rcp.CallCompletionSessionProcessor.startSession(CallCompletionSessionProcessor.java:104)
	at org.eclipse.recommenders.completion.rcp.processable.IntelligentCompletionProposalComputer.fireStartSession(IntelligentCompletionProposalComputer.java:229)
	at org.eclipse.recommenders.completion.rcp.processable.IntelligentCompletionProposalComputer.computeCompletionProposals(IntelligentCompletionProposalComputer.java:131)
	at org.eclipse.jdt.internal.ui.text.java.CompletionProposalComputerDescriptor.computeCompletionProposals(CompletionProposalComputerDescriptor.java:333)
	at org.eclipse.jdt.internal.ui.text.java.CompletionProposalCategory.computeCompletionProposals(CompletionProposalCategory.java:337)
	at org.eclipse.jdt.internal.ui.text.java.ContentAssistProcessor.collectProposals(ContentAssistProcessor.java:325)
	at org.eclipse.jdt.internal.ui.text.java.ContentAssistProcessor.computeCompletionProposals(ContentAssistProcessor.java:282)
	at org.eclipse.jface.text.contentassist.ContentAssistant.computeCompletionProposals(ContentAssistant.java:1861)
	at org.eclipse.jface.text.contentassist.CompletionProposalPopup.computeProposals(CompletionProposalPopup.java:573)
	at org.eclipse.jface.text.contentassist.CompletionProposalPopup.access$16(CompletionProposalPopup.java:570)
	at org.eclipse.jface.text.contentassist.CompletionProposalPopup$2.run(CompletionProposalPopup.java:505)
	at org.eclipse.swt.custom.BusyIndicator.showWhile(BusyIndicator.java:70)
	at org.eclipse.jface.text.contentassist.CompletionProposalPopup.showProposals(CompletionProposalPopup.java:499)
	at org.eclipse.jface.text.contentassist.ContentAssistant$2.run(ContentAssistant.java:378)
	at org.eclipse.swt.widgets.RunnableLock.run(RunnableLock.java:35)
	at org.eclipse.swt.widgets.Synchronizer.runAsyncMessages(Synchronizer.java:136)
	at org.eclipse.swt.widgets.Display.runAsyncMessages(Display.java:4147)
	at org.eclipse.swt.widgets.Display.readAndDispatch(Display.java:3764)
	at org.eclipse.e4.ui.internal.workbench.swt.PartRenderingEngine$9.run(PartRenderingEngine.java:1151)
	at org.eclipse.core.databinding.observable.Realm.runWithDefault(Realm.java:332)
	at org.eclipse.e4.ui.internal.workbench.swt.PartRenderingEngine.run(PartRenderingEngine.java:1032)
	at org.eclipse.e4.ui.internal.workbench.E4Workbench.createAndRunUI(E4Workbench.java:148)
	at org.eclipse.ui.internal.Workbench$5.run(Workbench.java:636)
	at org.eclipse.core.databinding.observable.Realm.runWithDefault(Realm.java:332)
	at org.eclipse.ui.internal.Workbench.createAndRunWorkbench(Workbench.java:579)
	at org.eclipse.ui.PlatformUI.createAndRunWorkbench(PlatformUI.java:150)
	at org.eclipse.ui.internal.ide.application.IDEApplication.start(IDEApplication.java:135)
	at org.eclipse.equinox.internal.app.EclipseAppHandle.run(EclipseAppHandle.java:196)
	at org.eclipse.core.runtime.internal.adaptor.EclipseAppLauncher.runApplication(EclipseAppLauncher.java:134)
	at org.eclipse.core.runtime.internal.adaptor.EclipseAppLauncher.start(EclipseAppLauncher.java:104)
	at org.eclipse.core.runtime.adaptor.EclipseStarter.run(EclipseStarter.java:380)
	at org.eclipse.core.runtime.adaptor.EclipseStarter.run(EclipseStarter.java:235)
	at sun.reflect.NativeMethodAccessorImpl.invoke0(Native Method)
	at sun.reflect.NativeMethodAccessorImpl.invoke(Unknown Source)
	at sun.reflect.DelegatingMethodAccessorImpl.invoke(Unknown Source)
	at java.lang.reflect.Method.invoke(Unknown Source)
	at org.eclipse.equinox.launcher.Main.invokeFramework(Main.java:648)
	at org.eclipse.equinox.launcher.Main.basicRun(Main.java:603)
	at org.eclipse.equinox.launcher.Main.run(Main.java:1465)
	at org.eclipse.equinox.launcher.Main.main(Main.java:1438)
!SESSION 2015-10-12 20:19:52.420 -----------------------------------------------
eclipse.buildId=4.4.1.M20140925-0400
java.version=1.8.0_60
java.vendor=Oracle Corporation
BootLoader constants: OS=win32, ARCH=x86_64, WS=win32, NL=de_DE
Framework arguments:  -product org.eclipse.epp.package.java.product
Command-line arguments:  -os win32 -ws win32 -arch x86_64 -product org.eclipse.epp.package.java.product

!ENTRY org.eclipse.m2e.logback.configuration 2 0 2015-10-12 20:19:55.803
!MESSAGE Exception while setting up logging:org.eclipse.osgi.internal.framework.EquinoxConfiguration$1 cannot be cast to java.lang.String
!STACK 0
java.lang.ClassCastException: org.eclipse.osgi.internal.framework.EquinoxConfiguration$1 cannot be cast to java.lang.String
	at org.eclipse.m2e.logback.configuration.LogHelper.logJavaProperties(LogHelper.java:26)
	at org.eclipse.m2e.logback.configuration.LogPlugin.loadConfiguration(LogPlugin.java:189)
	at org.eclipse.m2e.logback.configuration.LogPlugin.configureLogback(LogPlugin.java:144)
	at org.eclipse.m2e.logback.configuration.LogPlugin.access$2(LogPlugin.java:107)
	at org.eclipse.m2e.logback.configuration.LogPlugin$1.run(LogPlugin.java:62)
	at java.util.TimerThread.mainLoop(Unknown Source)
	at java.util.TimerThread.run(Unknown Source)

!ENTRY org.eclipse.egit.ui 2 0 2015-10-12 20:20:05.903
!MESSAGE Warning: EGit couldn't detect the installation path "gitPrefix" of native Git. Hence EGit can't respect system level
Git settings which might be configured in ${gitPrefix}/etc/gitconfig under the native Git installation directory.
The most important of these settings is core.autocrlf. Git for Windows by default sets this parameter to true in
this system level configuration. The Git installation location can be configured on the
Team > Git > Configuration preference page's 'System Settings' tab.
This warning can be switched off on the Team > Git > Confirmations and Warnings preference page.

!ENTRY org.eclipse.egit.ui 2 0 2015-10-12 20:20:05.911
!MESSAGE Warning: The environment variable HOME is not set. The following directory will be used to store the Git
user global configuration and to define the default location to store repositories: 'C:\Users\Michael'. If this is
not correct please set the HOME environment variable and restart Eclipse. Otherwise Git for Windows and
EGit might behave differently since they see different configuration options.
This warning can be switched off on the Team > Git > Confirmations and Warnings preference page.
!SESSION 2015-10-13 15:54:06.136 -----------------------------------------------
eclipse.buildId=4.4.1.M20140925-0400
java.version=1.8.0_60
java.vendor=Oracle Corporation
BootLoader constants: OS=win32, ARCH=x86_64, WS=win32, NL=de_DE
Framework arguments:  -product org.eclipse.epp.package.java.product
Command-line arguments:  -os win32 -ws win32 -arch x86_64 -product org.eclipse.epp.package.java.product

!ENTRY org.eclipse.m2e.logback.configuration 2 0 2015-10-13 15:54:09.517
!MESSAGE Exception while setting up logging:org.eclipse.osgi.internal.framework.EquinoxConfiguration$1 cannot be cast to java.lang.String
!STACK 0
java.lang.ClassCastException: org.eclipse.osgi.internal.framework.EquinoxConfiguration$1 cannot be cast to java.lang.String
	at org.eclipse.m2e.logback.configuration.LogHelper.logJavaProperties(LogHelper.java:26)
	at org.eclipse.m2e.logback.configuration.LogPlugin.loadConfiguration(LogPlugin.java:189)
	at org.eclipse.m2e.logback.configuration.LogPlugin.configureLogback(LogPlugin.java:144)
	at org.eclipse.m2e.logback.configuration.LogPlugin.access$2(LogPlugin.java:107)
	at org.eclipse.m2e.logback.configuration.LogPlugin$1.run(LogPlugin.java:62)
	at java.util.TimerThread.mainLoop(Unknown Source)
	at java.util.TimerThread.run(Unknown Source)

!ENTRY org.eclipse.egit.ui 2 0 2015-10-13 15:54:20.376
!MESSAGE Warning: EGit couldn't detect the installation path "gitPrefix" of native Git. Hence EGit can't respect system level
Git settings which might be configured in ${gitPrefix}/etc/gitconfig under the native Git installation directory.
The most important of these settings is core.autocrlf. Git for Windows by default sets this parameter to true in
this system level configuration. The Git installation location can be configured on the
Team > Git > Configuration preference page's 'System Settings' tab.
This warning can be switched off on the Team > Git > Confirmations and Warnings preference page.

!ENTRY org.eclipse.egit.ui 2 0 2015-10-13 15:54:20.418
!MESSAGE Warning: The environment variable HOME is not set. The following directory will be used to store the Git
user global configuration and to define the default location to store repositories: 'C:\Users\Michael'. If this is
not correct please set the HOME environment variable and restart Eclipse. Otherwise Git for Windows and
EGit might behave differently since they see different configuration options.
This warning can be switched off on the Team > Git > Confirmations and Warnings preference page.
!SESSION 2015-10-13 16:00:37.278 -----------------------------------------------
eclipse.buildId=4.4.1.M20140925-0400
java.version=1.8.0_60
java.vendor=Oracle Corporation
BootLoader constants: OS=win32, ARCH=x86_64, WS=win32, NL=de_DE
Framework arguments:  -product org.eclipse.epp.package.java.product
Command-line arguments:  -os win32 -ws win32 -arch x86_64 -product org.eclipse.epp.package.java.product

!ENTRY org.eclipse.m2e.logback.configuration 2 0 2015-10-13 16:00:44.129
!MESSAGE Exception while setting up logging:org.eclipse.osgi.internal.framework.EquinoxConfiguration$1 cannot be cast to java.lang.String
!STACK 0
java.lang.ClassCastException: org.eclipse.osgi.internal.framework.EquinoxConfiguration$1 cannot be cast to java.lang.String
	at org.eclipse.m2e.logback.configuration.LogHelper.logJavaProperties(LogHelper.java:26)
	at org.eclipse.m2e.logback.configuration.LogPlugin.loadConfiguration(LogPlugin.java:189)
	at org.eclipse.m2e.logback.configuration.LogPlugin.configureLogback(LogPlugin.java:144)
	at org.eclipse.m2e.logback.configuration.LogPlugin.access$2(LogPlugin.java:107)
	at org.eclipse.m2e.logback.configuration.LogPlugin$1.run(LogPlugin.java:62)
	at java.util.TimerThread.mainLoop(Unknown Source)
	at java.util.TimerThread.run(Unknown Source)

!ENTRY org.eclipse.egit.ui 2 0 2015-10-13 16:00:53.165
!MESSAGE Warning: EGit couldn't detect the installation path "gitPrefix" of native Git. Hence EGit can't respect system level
Git settings which might be configured in ${gitPrefix}/etc/gitconfig under the native Git installation directory.
The most important of these settings is core.autocrlf. Git for Windows by default sets this parameter to true in
this system level configuration. The Git installation location can be configured on the
Team > Git > Configuration preference page's 'System Settings' tab.
This warning can be switched off on the Team > Git > Confirmations and Warnings preference page.

!ENTRY org.eclipse.egit.ui 2 0 2015-10-13 16:00:53.205
!MESSAGE Warning: The environment variable HOME is not set. The following directory will be used to store the Git
user global configuration and to define the default location to store repositories: 'C:\Users\Michael'. If this is
not correct please set the HOME environment variable and restart Eclipse. Otherwise Git for Windows and
EGit might behave differently since they see different configuration options.
This warning can be switched off on the Team > Git > Confirmations and Warnings preference page.
!SESSION 2015-10-14 13:10:27.613 -----------------------------------------------
eclipse.buildId=4.4.1.M20140925-0400
java.version=1.8.0_60
java.vendor=Oracle Corporation
BootLoader constants: OS=win32, ARCH=x86_64, WS=win32, NL=de_DE
Framework arguments:  -product org.eclipse.epp.package.java.product
Command-line arguments:  -os win32 -ws win32 -arch x86_64 -product org.eclipse.epp.package.java.product

!ENTRY org.eclipse.m2e.logback.configuration 2 0 2015-10-14 13:10:32.397
!MESSAGE Exception while setting up logging:org.eclipse.osgi.internal.framework.EquinoxConfiguration$1 cannot be cast to java.lang.String
!STACK 0
java.lang.ClassCastException: org.eclipse.osgi.internal.framework.EquinoxConfiguration$1 cannot be cast to java.lang.String
	at org.eclipse.m2e.logback.configuration.LogHelper.logJavaProperties(LogHelper.java:26)
	at org.eclipse.m2e.logback.configuration.LogPlugin.loadConfiguration(LogPlugin.java:189)
	at org.eclipse.m2e.logback.configuration.LogPlugin.configureLogback(LogPlugin.java:144)
	at org.eclipse.m2e.logback.configuration.LogPlugin.access$2(LogPlugin.java:107)
	at org.eclipse.m2e.logback.configuration.LogPlugin$1.run(LogPlugin.java:62)
	at java.util.TimerThread.mainLoop(Unknown Source)
	at java.util.TimerThread.run(Unknown Source)
